#
# There is insufficient memory for the Java Runtime Environment to continue.
# Native memory allocation (mmap) failed to map 115081216 bytes for committing reserved memory.
# Possible reasons:
#   The system is out of physical RAM or swap space
#   In 32 bit mode, the process size limit was hit
# Possible solutions:
#   Reduce memory load on the system
#   Increase physical memory or swap space
#   Check if swap backing store is full
#   Use 64 bit Java on a 64 bit OS
#   Decrease Java heap size (-Xmx/-Xms)
#   Decrease number of Java threads
#   Decrease Java thread stack sizes (-Xss)
#   Set larger code cache with -XX:ReservedCodeCacheSize=
# This output file may be truncated or incomplete.
#
#  Out of Memory Error (os_linux.cpp:2673), pid=7352, tid=1698499392
#
# JRE version: OpenJDK Runtime Environment (8.0_40-b09) (build 1.8.0_40-internal-b09)
# Java VM: OpenJDK Server VM (25.40-b13 mixed mode linux-x86 )
# Failed to write core dump. Core dumps have been disabled. To enable core dumping, try "ulimit -c unlimited" before starting Java again
#

---------------  T H R E A D  ---------------

Current thread (0x65280c00):  VMThread [stack: 0x65350000,0x653d1000] [id=7359]

Stack: [0x65350000,0x653d1000],  sp=0x653cfb40,  free space=510k
Native frames: (J=compiled Java code, j=interpreted, Vv=VM code, C=native code)
V  [libjvm.so+0x8e5160]
V  [libjvm.so+0x3b6e76]
V  [libjvm.so+0x752160]
V  [libjvm.so+0x74c513]
V  [libjvm.so+0x7bd1bc]
V  [libjvm.so+0x7add8f]
V  [libjvm.so+0x7adf2d]
V  [libjvm.so+0x7ae827]
V  [libjvm.so+0x7b3856]
V  [libjvm.so+0x7ba351]
V  [libjvm.so+0x7742a5]
V  [libjvm.so+0x8e6b69]
V  [libjvm.so+0x8ebc16]
V  [libjvm.so+0x8ea021]
V  [libjvm.so+0x8ea543]
V  [libjvm.so+0x8eaa8b]
V  [libjvm.so+0x74f1f5]
C  [libpthread.so.0+0x6f16]  start_thread+0xd6

VM_Operation (0xb63fbbd4): ParallelGCFailedAllocation, mode: safepoint, requested by thread 0xb6207400


---------------  P R O C E S S  ---------------

Java Threads: ( => current thread )
  0x652c3400 JavaThread "Service Thread" daemon [_thread_blocked, id=7366, stack(0x64b8a000,0x64bdb000)]
  0x652a7800 JavaThread "C1 CompilerThread2" daemon [_thread_blocked, id=7365, stack(0x64bdb000,0x64c5c000)]
  0x652a6000 JavaThread "C2 CompilerThread1" daemon [_thread_blocked, id=7364, stack(0x64c5c000,0x64cdd000)]
  0x652a4000 JavaThread "C2 CompilerThread0" daemon [_thread_blocked, id=7363, stack(0x64cdd000,0x64d5e000)]
  0x652a2800 JavaThread "Signal Dispatcher" daemon [_thread_blocked, id=7362, stack(0x64d5e000,0x64daf000)]
  0x65285800 JavaThread "Finalizer" daemon [_thread_blocked, id=7361, stack(0x64faf000,0x65000000)]
  0x65284000 JavaThread "Reference Handler" daemon [_thread_blocked, id=7360, stack(0x67e2e000,0x67e7f000)]
  0xb6207400 JavaThread "main" [_thread_blocked, id=7354, stack(0xb63ad000,0xb63fe000)]

Other Threads:
=>0x65280c00 VMThread [stack: 0x65350000,0x653d1000] [id=7359]
  0x652c4c00 WatcherThread [stack: 0x64b09000,0x64b8a000] [id=7367]

VM state:at safepoint (normal execution)

VM Mutex/Monitor currently owned by a thread:  ([mutex/lock_event])
[0xb6204900] ExpandHeap_lock - owner thread: 0x65280c00
[0xb6204e48] Threads_lock - owner thread: 0x65280c00
[0xb6205258] Heap_lock - owner thread: 0xb6207400

Heap:
 PSYoungGen      total 123392K, used 15799K [0x92180000, 0xa1a00000, 0xa6e00000)
  eden space 62208K, 0% used [0x92180000,0x92180000,0x95e40000)
  from space 61184K, 25% used [0x95e40000,0x96dadec0,0x99a00000)
  to   space 86272K, 0% used [0x9c5c0000,0x9c5c0000,0xa1a00000)
 ParOldGen       total 247040K, used 246870K [0x68800000, 0x77940000, 0x92180000)
  object space 247040K, 99% used [0x68800000,0x779158e0,0x77940000)
 Metaspace       used 9638K, capacity 9801K, committed 9880K, reserved 10544K

Card table byte_map: [0x6860c000,0x68800000] byte_map_base: 0x682c8000

Marking Bits: (ParMarkBitMap*) 0xb70bbf40
 Begin Bits: [0x65dd0000, 0x66d68000)
 End Bits:   [0x66d68000, 0x67d00000)

Polling page: 0xb76c0000

CodeCache: size=245760Kb used=4550Kb max_used=4563Kb free=241209Kb
 bounds [0xa7200000, 0xa7678000, 0xb6200000]
 total_blobs=1748 nmethods=1557 adapters=107
 compilation: enabled

Compilation events (10 events):
Event: 8,876 Thread 0x652a6000 nmethod 1580 0xa76731c8 code [0xa7673320, 0xa767381c]
Event: 8,877 Thread 0x652a6000 1581       4       org.apache.xmlbeans.impl.store.Locale$LoadContext::isAttrOfTypeId (146 bytes)
Event: 8,877 Thread 0x652a6000 nmethod 1581 0xa765d688 code [0xa765d780, 0xa765d7f0]
Event: 8,902 Thread 0x652a4000 nmethod 1553 0xa7665948 code [0xa7665b80, 0xa76664b8]
Event: 9,030 Thread 0x652a7800 1582       3       org.apache.xmlbeans.impl.piccolo.xml.XMLStreamReader::fillByteBuffer (132 bytes)
Event: 9,031 Thread 0x652a7800 nmethod 1582 0xa7665308 code [0xa7665440, 0xa7665818]
Event: 9,840 Thread 0x652a7800 1583       3       org.apache.xmlbeans.impl.piccolo.xml.PiccoloLexer::appendToCbuf (77 bytes)
Event: 9,841 Thread 0x652a7800 nmethod 1583 0xa7672c48 code [0xa7672d80, 0xa76730b8]
Event: 13,134 Thread 0x652a6000 1584       4       org.apache.xmlbeans.impl.piccolo.xml.PiccoloLexer::yytext2 (25 bytes)
Event: 13,180 Thread 0x652a6000 nmethod 1584 0xa7671dc8 code [0xa7671f20, 0xa7672684]

GC Heap History (10 events):
Event: 10,070 GC heap after
Heap after GC invocations=10 (full 2):
 PSYoungGen      total 74752K, used 27376K [0x92180000, 0x993c0000, 0xa6e00000)
  eden space 47360K, 0% used [0x92180000,0x92180000,0x94fc0000)
  from space 27392K, 99% used [0x97180000,0x98c3c180,0x98c40000)
  to   space 34560K, 0% used [0x94fc0000,0x94fc0000,0x97180000)
 ParOldGen       total 157696K, used 93895K [0x68800000, 0x72200000, 0x92180000)
  object space 157696K, 59% used [0x68800000,0x6e3b1c30,0x72200000)
 Metaspace       used 9638K, capacity 9801K, committed 9880K, reserved 10544K
}
Event: 10,405 GC heap before
{Heap before GC invocations=11 (full 2):
 PSYoungGen      total 74752K, used 74736K [0x92180000, 0x993c0000, 0xa6e00000)
  eden space 47360K, 100% used [0x92180000,0x94fc0000,0x94fc0000)
  from space 27392K, 99% used [0x97180000,0x98c3c180,0x98c40000)
  to   space 34560K, 0% used [0x94fc0000,0x94fc0000,0x97180000)
 ParOldGen       total 157696K, used 93895K [0x68800000, 0x72200000, 0x92180000)
  object space 157696K, 59% used [0x68800000,0x6e3b1c30,0x72200000)
 Metaspace       used 9638K, capacity 9801K, committed 9880K, reserved 10544K
Event: 10,725 GC heap after
Heap after GC invocations=11 (full 2):
 PSYoungGen      total 81920K, used 34544K [0x92180000, 0x9d140000, 0xa6e00000)
  eden space 47360K, 0% used [0x92180000,0x92180000,0x94fc0000)
  from space 34560K, 99% used [0x94fc0000,0x9717c200,0x97180000)
  to   space 55808K, 0% used [0x99ac0000,0x99ac0000,0x9d140000)
 ParOldGen       total 157696K, used 130563K [0x68800000, 0x72200000, 0x92180000)
  object space 157696K, 82% used [0x68800000,0x70780e50,0x72200000)
 Metaspace       used 9638K, capacity 9801K, committed 9880K, reserved 10544K
}
Event: 10,725 GC heap before
{Heap before GC invocations=12 (full 3):
 PSYoungGen      total 81920K, used 34544K [0x92180000, 0x9d140000, 0xa6e00000)
  eden space 47360K, 0% used [0x92180000,0x92180000,0x94fc0000)
  from space 34560K, 99% used [0x94fc0000,0x9717c200,0x97180000)
  to   space 55808K, 0% used [0x99ac0000,0x99ac0000,0x9d140000)
 ParOldGen       total 157696K, used 130563K [0x68800000, 0x72200000, 0x92180000)
  object space 157696K, 82% used [0x68800000,0x70780e50,0x72200000)
 Metaspace       used 9638K, capacity 9801K, committed 9880K, reserved 10544K
Event: 11,686 GC heap after
Heap after GC invocations=12 (full 3):
 PSYoungGen      total 81920K, used 6233K [0x92180000, 0x9d140000, 0xa6e00000)
  eden space 47360K, 0% used [0x92180000,0x92180000,0x94fc0000)
  from space 34560K, 18% used [0x94fc0000,0x955d6400,0x97180000)
  to   space 55808K, 0% used [0x99ac0000,0x99ac0000,0x9d140000)
 ParOldGen       total 247040K, used 157493K [0x68800000, 0x77940000, 0x92180000)
  object space 247040K, 63% used [0x68800000,0x721cd768,0x77940000)
 Metaspace       used 9638K, capacity 9801K, committed 9880K, reserved 10544K
}
Event: 12,235 GC heap before
{Heap before GC invocations=13 (full 3):
 PSYoungGen      total 81920K, used 53593K [0x92180000, 0x9d140000, 0xa6e00000)
  eden space 47360K, 100% used [0x92180000,0x94fc0000,0x94fc0000)
  from space 34560K, 18% used [0x94fc0000,0x955d6400,0x97180000)
  to   space 55808K, 0% used [0x99ac0000,0x99ac0000,0x9d140000)
 ParOldGen       total 247040K, used 157493K [0x68800000, 0x77940000, 0x92180000)
  object space 247040K, 63% used [0x68800000,0x721cd768,0x77940000)
 Metaspace       used 9638K, capacity 9801K, committed 9880K, reserved 10544K
Event: 12,892 GC heap after
Heap after GC invocations=13 (full 3):
 PSYoungGen      total 118016K, used 43216K [0x92180000, 0x9d5c0000, 0xa6e00000)
  eden space 62208K, 0% used [0x92180000,0x92180000,0x95e40000)
  from space 55808K, 77% used [0x99ac0000,0x9c4f4280,0x9d140000)
  to   space 61184K, 0% used [0x95e40000,0x95e40000,0x99a00000)
 ParOldGen       total 247040K, used 163861K [0x68800000, 0x77940000, 0x92180000)
  object space 247040K, 66% used [0x68800000,0x728057c8,0x77940000)
 Metaspace       used 9638K, capacity 9801K, committed 9880K, reserved 10544K
}
Event: 13,726 GC heap before
{Heap before GC invocations=14 (full 3):
 PSYoungGen      total 118016K, used 105424K [0x92180000, 0x9d5c0000, 0xa6e00000)
  eden space 62208K, 100% used [0x92180000,0x95e40000,0x95e40000)
  from space 55808K, 77% used [0x99ac0000,0x9c4f4280,0x9d140000)
  to   space 61184K, 0% used [0x95e40000,0x95e40000,0x99a00000)
 ParOldGen       total 247040K, used 163861K [0x68800000, 0x77940000, 0x92180000)
  object space 247040K, 66% used [0x68800000,0x728057c8,0x77940000)
 Metaspace       used 9638K, capacity 9801K, committed 9880K, reserved 10544K
Event: 14,000 GC heap after
Heap after GC invocations=14 (full 3):
 PSYoungGen      total 123392K, used 61168K [0x92180000, 0xa1a00000, 0xa6e00000)
  eden space 62208K, 0% used [0x92180000,0x92180000,0x95e40000)
  from space 61184K, 99% used [0x95e40000,0x999fc330,0x99a00000)
  to   space 86272K, 0% used [0x9c5c0000,0x9c5c0000,0xa1a00000)
 ParOldGen       total 247040K, used 202698K [0x68800000, 0x77940000, 0x92180000)
  object space 247040K, 82% used [0x68800000,0x74df2a08,0x77940000)
 Metaspace       used 9638K, capacity 9801K, committed 9880K, reserved 10544K
}
Event: 14,000 GC heap before
{Heap before GC invocations=15 (full 4):
 PSYoungGen      total 123392K, used 61168K [0x92180000, 0xa1a00000, 0xa6e00000)
  eden space 62208K, 0% used [0x92180000,0x92180000,0x95e40000)
  from space 61184K, 99% used [0x95e40000,0x999fc330,0x99a00000)
  to   space 86272K, 0% used [0x9c5c0000,0x9c5c0000,0xa1a00000)
 ParOldGen       total 247040K, used 202698K [0x68800000, 0x77940000, 0x92180000)
  object space 247040K, 82% used [0x68800000,0x74df2a08,0x77940000)
 Metaspace       used 9638K, capacity 9801K, committed 9880K, reserved 10544K

Deoptimization events (10 events):
Event: 7,840 Thread 0xb6207400 Uncommon trap: reason=unstable_if action=reinterpret pc=0xa75e20d8 method=org.apache.xmlbeans.impl.store.Cur$Locations.insert(III[I[I)I @ 36
Event: 7,840 Thread 0xb6207400 Uncommon trap: reason=unstable_if action=reinterpret pc=0xa75ed47c method=org.apache.xmlbeans.impl.store.Cur$Locations.remove(II[I[I)I @ 33
Event: 7,862 Thread 0xb6207400 Uncommon trap: reason=unstable_if action=reinterpret pc=0xa7583fa0 method=org.apache.xmlbeans.impl.store.Cur$Locations.insert(III[I[I)I @ 36
Event: 7,863 Thread 0xb6207400 Uncommon trap: reason=unstable_if action=reinterpret pc=0xa75cd7b4 method=org.apache.xmlbeans.impl.store.Cur$Locations.remove(II[I[I)I @ 33
Event: 7,863 Thread 0xb6207400 Uncommon trap: reason=unstable_if action=reinterpret pc=0xa758a044 method=org.apache.xmlbeans.impl.store.Xobj.isUserNode()Z @ 7
Event: 7,900 Thread 0xb6207400 Uncommon trap: reason=unstable_if action=reinterpret pc=0xa75b0ac8 method=org.apache.xmlbeans.impl.store.Locale.isXmlns(Ljavax/xml/namespace/QName;)Z @ 20
Event: 7,921 Thread 0xb6207400 Uncommon trap: reason=unstable_if action=reinterpret pc=0xa750fc60 method=org.apache.xmlbeans.QNameCache.equals(Ljavax/xml/namespace/QName;Ljava/lang/String;Ljava/lang/String;Ljava/lang/String;)Z @ 19
Event: 7,923 Thread 0xb6207400 Uncommon trap: reason=unstable_if action=reinterpret pc=0xa750f32c method=org.apache.xmlbeans.impl.piccolo.util.CharStringConverter.convert([CII)Ljava/lang/String; @ 8
Event: 8,047 Thread 0xb6207400 Uncommon trap: reason=unstable_if action=reinterpret pc=0xa754950c method=org.apache.xmlbeans.impl.piccolo.xml.PiccoloLexer.parseOpenTagNS()I @ 381
Event: 8,408 Thread 0xb6207400 Uncommon trap: reason=unstable_if action=reinterpret pc=0xa764be7c method=org.apache.xmlbeans.impl.piccolo.xml.PiccoloLexer.parseCdataLiteral(CI)V @ 224

Internal exceptions (10 events):
Event: 7,885 Thread 0xb6207400 Exception <a 'java/security/PrivilegedActionException'> (0x92f140b8) thrown at [/build/buildd/openjdk-8-8u40~b09/src/hotspot/src/share/vm/prims/jvm.cpp, line 1288]
Event: 7,887 Thread 0xb6207400 Exception <a 'java/security/PrivilegedActionException'> (0x92f2d048) thrown at [/build/buildd/openjdk-8-8u40~b09/src/hotspot/src/share/vm/prims/jvm.cpp, line 1288]
Event: 7,889 Thread 0xb6207400 Exception <a 'java/security/PrivilegedActionException'> (0x92f3a768) thrown at [/build/buildd/openjdk-8-8u40~b09/src/hotspot/src/share/vm/prims/jvm.cpp, line 1288]
Event: 7,890 Thread 0xb6207400 Exception <a 'java/security/PrivilegedActionException'> (0x92f44e60) thrown at [/build/buildd/openjdk-8-8u40~b09/src/hotspot/src/share/vm/prims/jvm.cpp, line 1288]
Event: 7,891 Thread 0xb6207400 Exception <a 'java/security/PrivilegedActionException'> (0x92f4d9b8) thrown at [/build/buildd/openjdk-8-8u40~b09/src/hotspot/src/share/vm/prims/jvm.cpp, line 1288]
Event: 7,901 Thread 0xb6207400 Exception <a 'java/security/PrivilegedActionException'> (0x92f66f18) thrown at [/build/buildd/openjdk-8-8u40~b09/src/hotspot/src/share/vm/prims/jvm.cpp, line 1288]
Event: 7,901 Thread 0xb6207400 Exception <a 'java/security/PrivilegedActionException'> (0x92f73570) thrown at [/build/buildd/openjdk-8-8u40~b09/src/hotspot/src/share/vm/prims/jvm.cpp, line 1288]
Event: 7,902 Thread 0xb6207400 Exception <a 'java/security/PrivilegedActionException'> (0x92f7f518) thrown at [/build/buildd/openjdk-8-8u40~b09/src/hotspot/src/share/vm/prims/jvm.cpp, line 1288]
Event: 7,903 Thread 0xb6207400 Exception <a 'java/security/PrivilegedActionException'> (0x92f8dfb0) thrown at [/build/buildd/openjdk-8-8u40~b09/src/hotspot/src/share/vm/prims/jvm.cpp, line 1288]
Event: 8,412 Thread 0xb6207400 Exception <a 'java/security/PrivilegedActionException'> (0x938290f8) thrown at [/build/buildd/openjdk-8-8u40~b09/src/hotspot/src/share/vm/prims/jvm.cpp, line 1288]

Events (10 events):
Event: 8,809 Executing VM operation: ParallelGCFailedAllocation done
Event: 9,170 Executing VM operation: ParallelGCFailedAllocation
Event: 9,698 Executing VM operation: ParallelGCFailedAllocation done
Event: 9,954 Executing VM operation: ParallelGCFailedAllocation
Event: 10,070 Executing VM operation: ParallelGCFailedAllocation done
Event: 10,405 Executing VM operation: ParallelGCFailedAllocation
Event: 11,686 Executing VM operation: ParallelGCFailedAllocation done
Event: 12,235 Executing VM operation: ParallelGCFailedAllocation
Event: 12,892 Executing VM operation: ParallelGCFailedAllocation done
Event: 13,726 Executing VM operation: ParallelGCFailedAllocation


Dynamic libraries:
08048000-08049000 r-xp 00000000 fc:01 10633647   /usr/lib/jvm/java-8-openjdk-i386/jre/bin/java
08049000-0804a000 r--p 00000000 fc:01 10633647   /usr/lib/jvm/java-8-openjdk-i386/jre/bin/java
0804a000-0804b000 rw-p 00001000 fc:01 10633647   /usr/lib/jvm/java-8-openjdk-i386/jre/bin/java
089e5000-08a06000 rw-p 00000000 00:00 0          [heap]
63000000-630e0000 rw-p 00000000 00:00 0 
630e0000-63100000 ---p 00000000 00:00 0 
63200000-632ca000 rw-p 00000000 00:00 0 
632ca000-63300000 ---p 00000000 00:00 0 
63300000-63400000 rw-p 00000000 00:00 0 
63400000-634fd000 rw-p 00000000 00:00 0 
634fd000-63500000 ---p 00000000 00:00 0 
63500000-635fd000 rw-p 00000000 00:00 0 
635fd000-63600000 ---p 00000000 00:00 0 
63600000-636fe000 rw-p 00000000 00:00 0 
636fe000-63700000 ---p 00000000 00:00 0 
63700000-63800000 rw-p 00000000 00:00 0 
63900000-639e1000 rw-p 00000000 00:00 0 
639e1000-63a00000 ---p 00000000 00:00 0 
63a00000-63af7000 rw-p 00000000 00:00 0 
63af7000-63b00000 ---p 00000000 00:00 0 
63b00000-63b8c000 rw-p 00000000 00:00 0 
63b8c000-63c00000 ---p 00000000 00:00 0 
63c00000-63c60000 rw-p 00000000 00:00 0 
63c60000-63d00000 ---p 00000000 00:00 0 
63d00000-63e00000 rw-p 00000000 00:00 0 
63e00000-63f00000 rw-p 00000000 00:00 0 
63f00000-64000000 rw-p 00000000 00:00 0 
64000000-640f4000 rw-p 00000000 00:00 0 
640f4000-64100000 ---p 00000000 00:00 0 
64100000-64200000 rw-p 00000000 00:00 0 
64200000-64300000 rw-p 00000000 00:00 0 
64300000-643fb000 rw-p 00000000 00:00 0 
643fb000-64400000 ---p 00000000 00:00 0 
64400000-64500000 rw-p 00000000 00:00 0 
64500000-645fb000 rw-p 00000000 00:00 0 
645fb000-64600000 ---p 00000000 00:00 0 
64601000-64605000 r--s 00093000 fc:01 10241794   /usr/lib/jvm/java-8-openjdk-i386/jre/lib/jsse.jar
64605000-6461b000 r-xp 00000000 fc:01 10386870   /usr/lib/jvm/java-8-openjdk-i386/jre/lib/i386/libnet.so
6461b000-6461c000 r--p 00015000 fc:01 10386870   /usr/lib/jvm/java-8-openjdk-i386/jre/lib/i386/libnet.so
6461c000-6461d000 rw-p 00016000 fc:01 10386870   /usr/lib/jvm/java-8-openjdk-i386/jre/lib/i386/libnet.so
6461d000-64620000 r--s 00007000 00:25 16910632   /home/bjorn/.m2/repository/org/apache/maven/surefire/surefire-junit4/2.12.4/surefire-junit4-2.12.4.jar
64620000-64627000 r--s 0005e000 00:25 16780339   /home/bjorn/.m2/repository/org/apache/commons/commons-lang3/3.3.2/commons-lang3-3.3.2.jar
64627000-64631000 r--s 0005d000 00:25 16780338   /home/bjorn/.m2/repository/ch/qos/logback/logback-core/1.0.13/logback-core-1.0.13.jar
64631000-64637000 r--s 0003b000 00:25 16780337   /home/bjorn/.m2/repository/ch/qos/logback/logback-classic/1.0.13/logback-classic-1.0.13.jar
64637000-64639000 r--s 00005000 00:25 16780336   /home/bjorn/.m2/repository/org/slf4j/slf4j-api/1.7.5/slf4j-api-1.7.5.jar
64639000-646b1000 r--s 010ea000 fc:01 10754188   /usr/lib/jvm/java-8-openjdk-i386/lib/tools.jar
646b1000-646b4000 r--s 00025000 00:25 16780335   /home/bjorn/.m2/repository/org/mortbay/jetty/jetty-util/6.1.14/jetty-util-6.1.14.jar
646b4000-646bb000 r--s 00078000 00:25 16780334   /home/bjorn/.m2/repository/org/mortbay/jetty/jetty/6.1.14/jetty-6.1.14.jar
646bb000-646be000 r--s 0001e000 00:25 16780333   /home/bjorn/.m2/repository/org/mortbay/jetty/servlet-api-2.5/6.1.14/servlet-api-2.5-6.1.14.jar
646be000-646c1000 r--s 00018000 00:25 16780332   /home/bjorn/.m2/repository/org/apache/ant/ant-junit/1.8.3/ant-junit-1.8.3.jar
646c1000-646c2000 r--s 00004000 00:25 16780331   /home/bjorn/.m2/repository/org/apache/ant/ant-launcher/1.8.3/ant-launcher-1.8.3.jar
646c2000-646e0000 r--s 001bc000 00:25 16780330   /home/bjorn/.m2/repository/org/apache/ant/ant/1.8.3/ant-1.8.3.jar
646e0000-646e6000 r--s 00032000 00:25 16780342   /home/bjorn/.m2/repository/jaxen/jaxen/1.1.4/jaxen-1.1.4.jar
646e6000-64724000 r--s 0025d000 00:25 16779766   /home/bjorn/.m2/repository/org/apache/xmlbeans/xmlbeans/2.6.0/xmlbeans-2.6.0.jar
64724000-647dd000 r--s 004a3000 00:25 16648653   /home/bjorn/.m2/repository/org/apache/poi/poi-ooxml-schemas/3.12/poi-ooxml-schemas-3.12.jar
647dd000-64800000 r--s 001e7000 00:25 16516766   /home/bjorn/.m2/repository/org/apache/poi/poi/3.12/poi-3.12.jar
64800000-649ff000 rw-p 00000000 00:00 0 
649ff000-64a00000 ---p 00000000 00:00 0 
64a00000-64afe000 rw-p 00000000 00:00 0 
64afe000-64b00000 ---p 00000000 00:00 0 
64b00000-64b07000 r--s 00083000 00:25 16780324   /home/bjorn/.m2/repository/net/sourceforge/cobertura/cobertura/2.1.1/cobertura-2.1.1.jar
64b07000-64b09000 r--s 00005000 00:25 16779767   /home/bjorn/.m2/repository/stax/stax-api/1.0.1/stax-api-1.0.1.jar
64b09000-64b0a000 ---p 00000000 00:00 0 
64b0a000-64b8a000 rw-p 00000000 00:00 0          [stack:7367]
64b8a000-64b8d000 ---p 00000000 00:00 0 
64b8d000-64bdb000 rw-p 00000000 00:00 0          [stack:7366]
64bdb000-64bde000 ---p 00000000 00:00 0 
64bde000-64c5c000 rw-p 00000000 00:00 0          [stack:7365]
64c5c000-64c5f000 ---p 00000000 00:00 0 
64c5f000-64cdd000 rw-p 00000000 00:00 0          [stack:7364]
64cdd000-64ce0000 ---p 00000000 00:00 0 
64ce0000-64d5e000 rw-p 00000000 00:00 0          [stack:7363]
64d5e000-64d61000 ---p 00000000 00:00 0 
64d61000-64daf000 rw-p 00000000 00:00 0          [stack:7362]
64daf000-64faf000 r--p 00000000 fc:01 9183875    /usr/lib/locale/locale-archive
64faf000-64fb2000 ---p 00000000 00:00 0 
64fb2000-65000000 rw-p 00000000 00:00 0          [stack:7361]
65000000-650f5000 rw-p 00000000 00:00 0 
650f5000-65100000 ---p 00000000 00:00 0 
65100000-65121000 rw-p 00000000 00:00 0 
65121000-65200000 ---p 00000000 00:00 0 
65200000-652fb000 rw-p 00000000 00:00 0 
652fb000-65300000 ---p 00000000 00:00 0 
65300000-65310000 r--s 0011b000 00:25 16516768   /home/bjorn/.m2/repository/org/apache/poi/poi-ooxml/3.12/poi-ooxml-3.12.jar
65310000-65317000 r--s 0003a000 00:25 16779765   /home/bjorn/.m2/repository/commons-codec/commons-codec/1.9/commons-codec-1.9.jar
65317000-65319000 r--s 00005000 00:25 16648820   /home/bjorn/.m2/repository/xpp3/xpp3_min/1.1.4c/xpp3_min-1.1.4c.jar
65319000-6531a000 r--s 00001000 00:25 16648818   /home/bjorn/.m2/repository/xmlpull/xmlpull/1.1.3.1/xmlpull-1.1.3.1.jar
6531a000-65326000 r--s 0006a000 00:25 16648817   /home/bjorn/.m2/repository/com/thoughtworks/xstream/xstream/1.4.2/xstream-1.4.2.jar
65326000-6532f000 r--s 000ae000 00:25 16648811   /home/bjorn/.m2/repository/org/javassist/javassist/3.19.0-GA/javassist-3.19.0-GA.jar
6532f000-65332000 r--s 00017000 00:25 16648810   /home/bjorn/.m2/repository/org/powermock/powermock-core/1.6.2/powermock-core-1.6.2.jar
65332000-65350000 r--s 00110000 00:25 16648798   /home/bjorn/.m2/repository/org/mockito/mockito-all/1.10.19/mockito-all-1.10.19.jar
65350000-65351000 ---p 00000000 00:00 0 
65351000-653d1000 rw-p 00000000 00:00 0          [stack:7359]
653d1000-6559e000 r--s 03bc6000 fc:01 10241781   /usr/lib/jvm/java-8-openjdk-i386/jre/lib/rt.jar
6559e000-659e4000 rw-p 00000000 00:00 0 
659e4000-659ea000 ---p 00000000 00:00 0 
659ea000-67d00000 rw-p 00000000 00:00 0 
67d00000-67e00000 rw-p 00000000 00:00 0 
67e00000-67e01000 r--s 00000000 00:25 16648816   /home/bjorn/.m2/repository/org/powermock/powermock-classloading-xstream/1.6.2/powermock-classloading-xstream-1.6.2.jar
67e01000-67e02000 r--s 00001000 00:25 16648809   /home/bjorn/.m2/repository/org/powermock/powermock-classloading-base/1.6.2/powermock-classloading-base-1.6.2.jar
67e02000-67e03000 r--s 00001000 00:25 16648808   /home/bjorn/.m2/repository/org/powermock/powermock-module-junit4-rule/1.6.2/powermock-module-junit4-rule-1.6.2.jar
67e03000-67e05000 r--s 0000a000 00:25 16648804   /home/bjorn/.m2/repository/org/powermock/powermock-module-junit4/1.6.2/powermock-module-junit4-1.6.2.jar
67e05000-67e07000 r--s 00009000 00:25 16648803   /home/bjorn/.m2/repository/org/objenesis/objenesis/2.1/objenesis-2.1.jar
67e07000-67e09000 r--s 0000a000 00:25 16648802   /home/bjorn/.m2/repository/org/powermock/powermock-reflect/1.6.2/powermock-reflect-1.6.2.jar
67e09000-67e0d000 r--s 00014000 00:25 16648799   /home/bjorn/.m2/repository/org/powermock/powermock-api-mockito/1.6.2/powermock-api-mockito-1.6.2.jar
67e0d000-67e0f000 r--s 00006000 00:25 17434422   /home/bjorn/.m2/repository/org/easytesting/fest-util/1.1.6/fest-util-1.1.6.jar
67e0f000-67e12000 r--s 00011000 00:25 17434417   /home/bjorn/.m2/repository/org/easytesting/fest-assert/1.4/fest-assert-1.4.jar
67e12000-67e16000 r--s 0002a000 00:25 17172526   /home/bjorn/.m2/repository/commons-io/commons-io/2.4/commons-io-2.4.jar
67e16000-67e1c000 r--s 00045000 00:25 16648797   /home/bjorn/.m2/repository/org/hamcrest/hamcrest-all/1.3/hamcrest-all-1.3.jar
67e1c000-67e24000 r--s 00045000 00:25 16532386   /home/bjorn/.m2/repository/junit/junit/4.12/junit-4.12.jar
67e24000-67e2e000 r--s 0006e000 00:25 16123065   /home/bjorn/.m2/repository/jfree/jcommon/1.0.16/jcommon-1.0.16.jar
67e2e000-67e31000 ---p 00000000 00:00 0 
67e31000-67e7f000 rw-p 00000000 00:00 0          [stack:7360]
67e7f000-67e80000 ---p 00000000 00:00 0 
67e80000-67f00000 rw-p 00000000 00:00 0          [stack:7358]
67f00000-67ffd000 rw-p 00000000 00:00 0 
67ffd000-68000000 ---p 00000000 00:00 0 
68000000-68011000 r--s 0014c000 00:25 16123062   /home/bjorn/.m2/repository/jfree/jfreechart/1.0.13/jfreechart-1.0.13.jar
68011000-68032000 r--s 0015a000 00:25 17433679   /home/bjorn/.m2/repository/org/bouncycastle/bcprov-jdk14/1.38/bcprov-jdk14-1.38.jar
68032000-6807f000 rw-p 00000000 00:00 0 
6807f000-68080000 ---p 00000000 00:00 0 
68080000-68100000 rw-p 00000000 00:00 0          [stack:7357]
68100000-68121000 rw-p 00000000 00:00 0 
68121000-68200000 ---p 00000000 00:00 0 
68200000-68202000 r--s 00009000 00:25 16648796   /home/bjorn/.m2/repository/org/hamcrest/hamcrest-core/1.3/hamcrest-core-1.3.jar
68202000-68204000 r--s 00006000 00:25 16123156   /home/bjorn/.m2/repository/de/erichseifert/vectorgraphics2d/VectorGraphics2D/0.9.1/VectorGraphics2D-0.9.1.jar
68204000-6820b000 r--s 00055000 00:25 17304748   /home/bjorn/.m2/repository/org/antlr/antlr4-runtime/4.5/antlr4-runtime-4.5.jar
6820b000-6821a000 r--s 0017b000 00:25 17433673   /home/bjorn/.m2/repository/com/itextpdf/itextpdf/5.0.6/itextpdf-5.0.6.jar
6821a000-68224000 r--s 00116000 fc:01 10494014   /usr/lib/jvm/java-8-openjdk-i386/jre/lib/ext/localedata.jar
68224000-6827f000 rw-p 00000000 00:00 0 
6827f000-68280000 ---p 00000000 00:00 0 
68280000-68300000 rw-p 00000000 00:00 0          [stack:7356]
68300000-68321000 rw-p 00000000 00:00 0 
68321000-68400000 ---p 00000000 00:00 0 
68400000-68403000 r--s 0001a000 00:25 17302109   /home/bjorn/.m2/repository/com/xeiam/xchart/xchart/2.5.0/xchart-2.5.0.jar
68403000-68405000 r--s 00005000 00:25 17172649   /home/bjorn/.m2/repository/org/abego/treelayout/org.abego.treelayout.core/1.0.1/org.abego.treelayout.core-1.0.1.jar
68405000-68409000 r--s 0002b000 00:25 17433676   /home/bjorn/.m2/repository/org/bouncycastle/bcmail-jdk14/1.38/bcmail-jdk14-1.38.jar
68409000-68422000 r--s 001c2000 fc:01 10494012   /usr/lib/jvm/java-8-openjdk-i386/jre/lib/ext/nashorn.jar
68422000-6843e000 r--s 00393000 fc:01 10494016   /usr/lib/jvm/java-8-openjdk-i386/jre/lib/ext/cldrdata.jar
6843e000-6843f000 ---p 00000000 00:00 0 
6843f000-68538000 rw-p 00000000 00:00 0          [stack:7355]
68538000-6860c000 ---p 00000000 00:00 0 
6860c000-68685000 rw-p 00000000 00:00 0 
68685000-68758000 ---p 00000000 00:00 0 
68758000-687d5000 rw-p 00000000 00:00 0 
687d5000-687ff000 ---p 00000000 00:00 0 
687ff000-77940000 rw-p 00000000 00:00 0 
7e6fe000-7e700000 rw-p 00000000 00:00 0 
7e700000-92180000 ---p 00000000 00:00 0 
92180000-a1a00000 rw-p 00000000 00:00 0 
a1a00000-a6e00000 ---p 00000000 00:00 0 
a6e00000-a6e01000 r--s 00003000 00:25 16648805   /home/bjorn/.m2/repository/org/powermock/powermock-module-junit4-common/1.6.2/powermock-module-junit4-common-1.6.2.jar
a6e01000-a6e40000 r--p 00277000 fc:01 9183875    /usr/lib/locale/locale-archive
a6e40000-a6e52000 rw-p 00000000 00:00 0 
a6e52000-a7200000 ---p 00000000 00:00 0 
a7200000-a7678000 rwxp 00000000 00:00 0 
a7678000-b6200000 ---p 00000000 00:00 0 
b6200000-b62fb000 rw-p 00000000 00:00 0 
b62fb000-b6300000 ---p 00000000 00:00 0 
b6300000-b6301000 r--s 00004000 00:25 16648800   /home/bjorn/.m2/repository/org/powermock/powermock-api-support/1.6.2/powermock-api-support-1.6.2.jar
b6301000-b6302000 r--s 00005000 00:25 17433682   /home/bjorn/.m2/repository/org/bouncycastle/bctsp-jdk14/1.38/bctsp-jdk14-1.38.jar
b6302000-b6306000 r--s 00019000 00:25 16532560   /home/bjorn/.m2/repository/org/apache/maven/surefire/surefire-api/2.12.4/surefire-api-2.12.4.jar
b6306000-b6308000 r--s 00007000 00:25 16532557   /home/bjorn/.m2/repository/org/apache/maven/surefire/surefire-booter/2.12.4/surefire-booter-2.12.4.jar
b6308000-b630e000 r--s 0003a000 fc:01 10494008   /usr/lib/jvm/java-8-openjdk-i386/jre/lib/ext/sunjce_provider.jar
b630e000-b6326000 rw-p 00000000 00:00 0 
b6326000-b6331000 r-xp 00000000 fc:01 6821773    /lib/i386-linux-gnu/libnss_files-2.19.so
b6331000-b6332000 r--p 0000a000 fc:01 6821773    /lib/i386-linux-gnu/libnss_files-2.19.so
b6332000-b6333000 rw-p 0000b000 fc:01 6821773    /lib/i386-linux-gnu/libnss_files-2.19.so
b6333000-b633d000 r-xp 00000000 fc:01 6821770    /lib/i386-linux-gnu/libnss_nis-2.19.so
b633d000-b633e000 r--p 00009000 fc:01 6821770    /lib/i386-linux-gnu/libnss_nis-2.19.so
b633e000-b633f000 rw-p 0000a000 fc:01 6821770    /lib/i386-linux-gnu/libnss_nis-2.19.so
b633f000-b6354000 r-xp 00000000 fc:01 6821777    /lib/i386-linux-gnu/libnsl-2.19.so
b6354000-b6355000 r--p 00015000 fc:01 6821777    /lib/i386-linux-gnu/libnsl-2.19.so
b6355000-b6356000 rw-p 00016000 fc:01 6821777    /lib/i386-linux-gnu/libnsl-2.19.so
b6356000-b6358000 rw-p 00000000 00:00 0 
b6358000-b635f000 r-xp 00000000 fc:01 6821785    /lib/i386-linux-gnu/libnss_compat-2.19.so
b635f000-b6360000 r--p 00006000 fc:01 6821785    /lib/i386-linux-gnu/libnss_compat-2.19.so
b6360000-b6361000 rw-p 00007000 fc:01 6821785    /lib/i386-linux-gnu/libnss_compat-2.19.so
b6361000-b6362000 r--s 00001000 00:25 17434427   /home/bjorn/Documents/Context/Health/health/target/surefire/surefirebooter5619466187779267735.jar
b6362000-b6363000 r--s 00008000 fc:01 10494015   /usr/lib/jvm/java-8-openjdk-i386/jre/lib/ext/sunec.jar
b6363000-b6366000 r--s 00037000 fc:01 10494010   /usr/lib/jvm/java-8-openjdk-i386/jre/lib/ext/sunpkcs11.jar
b6366000-b6367000 r--s 00010000 fc:01 10494011   /usr/lib/jvm/java-8-openjdk-i386/jre/lib/ext/zipfs.jar
b6367000-b6369000 r--s 00006000 fc:01 9441521    /usr/share/java/java-atk-wrapper.jar
b6369000-b6371000 r-xp 00000000 fc:01 10386858   /usr/lib/jvm/java-8-openjdk-i386/jre/lib/i386/libzip.so
b6371000-b6372000 r--p 00007000 fc:01 10386858   /usr/lib/jvm/java-8-openjdk-i386/jre/lib/i386/libzip.so
b6372000-b6373000 rw-p 00008000 fc:01 10386858   /usr/lib/jvm/java-8-openjdk-i386/jre/lib/i386/libzip.so
b6373000-b637b000 rw-s 00000000 fc:01 15603106   /tmp/hsperfdata_bjorn/7352
b637b000-b63a2000 r-xp 00000000 fc:01 10386857   /usr/lib/jvm/java-8-openjdk-i386/jre/lib/i386/libjava.so
b63a2000-b63a3000 r--p 00026000 fc:01 10386857   /usr/lib/jvm/java-8-openjdk-i386/jre/lib/i386/libjava.so
b63a3000-b63a4000 rw-p 00027000 fc:01 10386857   /usr/lib/jvm/java-8-openjdk-i386/jre/lib/i386/libjava.so
b63a4000-b63ab000 r-xp 00000000 fc:01 6821772    /lib/i386-linux-gnu/librt-2.19.so
b63ab000-b63ac000 r--p 00006000 fc:01 6821772    /lib/i386-linux-gnu/librt-2.19.so
b63ac000-b63ad000 rw-p 00007000 fc:01 6821772    /lib/i386-linux-gnu/librt-2.19.so
b63ad000-b63b0000 ---p 00000000 00:00 0 
b63b0000-b63fe000 rw-p 00000000 00:00 0          [stack:7354]
b63fe000-b641a000 r-xp 00000000 fc:01 6816875    /lib/i386-linux-gnu/libgcc_s.so.1
b641a000-b641b000 r--p 0001b000 fc:01 6816875    /lib/i386-linux-gnu/libgcc_s.so.1
b641b000-b641c000 rw-p 0001c000 fc:01 6816875    /lib/i386-linux-gnu/libgcc_s.so.1
b641c000-b6460000 r-xp 00000000 fc:01 6821778    /lib/i386-linux-gnu/libm-2.19.so
b6460000-b6461000 r--p 00043000 fc:01 6821778    /lib/i386-linux-gnu/libm-2.19.so
b6461000-b6462000 rw-p 00044000 fc:01 6821778    /lib/i386-linux-gnu/libm-2.19.so
b6462000-b654b000 r-xp 00000000 fc:01 9181635    /usr/lib/i386-linux-gnu/libstdc++.so.6.0.20
b654b000-b654f000 r--p 000e9000 fc:01 9181635    /usr/lib/i386-linux-gnu/libstdc++.so.6.0.20
b654f000-b6550000 rw-p 000ed000 fc:01 9181635    /usr/lib/i386-linux-gnu/libstdc++.so.6.0.20
b6550000-b6557000 rw-p 00000000 00:00 0 
b6557000-b7048000 r-xp 00000000 fc:01 10386874   /usr/lib/jvm/java-8-openjdk-i386/jre/lib/i386/server/libjvm.so
b7048000-b7096000 r--p 00af0000 fc:01 10386874   /usr/lib/jvm/java-8-openjdk-i386/jre/lib/i386/server/libjvm.so
b7096000-b70ad000 rw-p 00b3e000 fc:01 10386874   /usr/lib/jvm/java-8-openjdk-i386/jre/lib/i386/server/libjvm.so
b70ad000-b74ce000 rw-p 00000000 00:00 0 
b74ce000-b74e6000 r-xp 00000000 fc:01 6821781    /lib/i386-linux-gnu/libpthread-2.19.so
b74e6000-b74e8000 r--p 00017000 fc:01 6821781    /lib/i386-linux-gnu/libpthread-2.19.so
b74e8000-b74e9000 rw-p 00019000 fc:01 6821781    /lib/i386-linux-gnu/libpthread-2.19.so
b74e9000-b74eb000 rw-p 00000000 00:00 0 
b74eb000-b74ee000 r-xp 00000000 fc:01 6821790    /lib/i386-linux-gnu/libdl-2.19.so
b74ee000-b74ef000 r--p 00002000 fc:01 6821790    /lib/i386-linux-gnu/libdl-2.19.so
b74ef000-b74f0000 rw-p 00003000 fc:01 6821790    /lib/i386-linux-gnu/libdl-2.19.so
b74f0000-b7508000 r-xp 00000000 fc:01 6817019    /lib/i386-linux-gnu/libz.so.1.2.8
b7508000-b7509000 r--p 00017000 fc:01 6817019    /lib/i386-linux-gnu/libz.so.1.2.8
b7509000-b750a000 rw-p 00018000 fc:01 6817019    /lib/i386-linux-gnu/libz.so.1.2.8
b750a000-b76b1000 r-xp 00000000 fc:01 6821784    /lib/i386-linux-gnu/libc-2.19.so
b76b1000-b76b3000 r--p 001a7000 fc:01 6821784    /lib/i386-linux-gnu/libc-2.19.so
b76b3000-b76b4000 rw-p 001a9000 fc:01 6821784    /lib/i386-linux-gnu/libc-2.19.so
b76b4000-b76b8000 rw-p 00000000 00:00 0 
b76b8000-b76ba000 r--s 00001000 fc:01 10494013   /usr/lib/jvm/java-8-openjdk-i386/jre/lib/ext/dnsns.jar
b76ba000-b76bd000 r--s 0000f000 fc:01 10494009   /usr/lib/jvm/java-8-openjdk-i386/jre/lib/ext/icedtea-sound.jar
b76bd000-b76be000 r--p 0059a000 fc:01 9183875    /usr/lib/locale/locale-archive
b76be000-b76bf000 r--p 009ce000 fc:01 9183875    /usr/lib/locale/locale-archive
b76bf000-b76c0000 rw-p 00000000 00:00 0 
b76c0000-b76c1000 ---p 00000000 00:00 0 
b76c1000-b76cf000 r-xp 00000000 fc:01 10386885   /usr/lib/jvm/java-8-openjdk-i386/jre/lib/i386/libverify.so
b76cf000-b76d1000 r--p 0000d000 fc:01 10386885   /usr/lib/jvm/java-8-openjdk-i386/jre/lib/i386/libverify.so
b76d1000-b76d2000 rw-p 0000f000 fc:01 10386885   /usr/lib/jvm/java-8-openjdk-i386/jre/lib/i386/libverify.so
b76d2000-b76df000 r-xp 00000000 fc:01 10386889   /usr/lib/jvm/java-8-openjdk-i386/jre/lib/i386/jli/libjli.so
b76df000-b76e0000 r--p 0000c000 fc:01 10386889   /usr/lib/jvm/java-8-openjdk-i386/jre/lib/i386/jli/libjli.so
b76e0000-b76e1000 rw-p 0000d000 fc:01 10386889   /usr/lib/jvm/java-8-openjdk-i386/jre/lib/i386/jli/libjli.so
b76e1000-b76e3000 rw-p 00000000 00:00 0 
b76e3000-b76e4000 r-xp 00000000 00:00 0          [vdso]
b76e4000-b76e6000 r--p 00000000 00:00 0          [vvar]
b76e6000-b7706000 r-xp 00000000 fc:01 6821776    /lib/i386-linux-gnu/ld-2.19.so
b7706000-b7707000 r--p 0001f000 fc:01 6821776    /lib/i386-linux-gnu/ld-2.19.so
b7707000-b7708000 rw-p 00020000 fc:01 6821776    /lib/i386-linux-gnu/ld-2.19.so
bf89c000-bf89d000 rwxp 00000000 00:00 0 
bf8cf000-bf8f0000 rw-p 00000000 00:00 0          [stack]

VM Arguments:
java_command: /home/bjorn/Documents/Context/Health/health/target/surefire/surefirebooter5619466187779267735.jar /home/bjorn/Documents/Context/Health/health/target/surefire/surefire2591236439058007459tmp /home/bjorn/Documents/Context/Health/health/target/surefire/surefire_02376343267328467456tmp
java_class_path (initial): /home/bjorn/Documents/Context/Health/health/target/surefire/surefirebooter5619466187779267735.jar
Launcher Type: SUN_STANDARD

Environment Variables:
PATH=/usr/local/sbin:/usr/local/bin:/usr/sbin:/usr/bin:/sbin:/bin:/usr/games:/usr/local/games
LD_LIBRARY_PATH=/usr/lib/jvm/java-8-openjdk-i386/jre/lib/i386/server:/usr/lib/jvm/java-8-openjdk-i386/jre/lib/i386:
SHELL=/bin/bash
DISPLAY=:0.0

Signal Handlers:
SIGSEGV: [libjvm.so+0x8e5c10], sa_mask[0]=11111111011111111101111111111110, sa_flags=SA_RESTART|SA_SIGINFO
SIGBUS: [libjvm.so+0x8e5c10], sa_mask[0]=11111111011111111101111111111110, sa_flags=SA_RESTART|SA_SIGINFO
SIGFPE: [libjvm.so+0x74d8d0], sa_mask[0]=11111111011111111101111111111110, sa_flags=SA_RESTART|SA_SIGINFO
SIGPIPE: [libjvm.so+0x74d8d0], sa_mask[0]=11111111011111111101111111111110, sa_flags=SA_RESTART|SA_SIGINFO
SIGXFSZ: [libjvm.so+0x74d8d0], sa_mask[0]=11111111011111111101111111111110, sa_flags=SA_RESTART|SA_SIGINFO
SIGILL: [libjvm.so+0x74d8d0], sa_mask[0]=11111111011111111101111111111110, sa_flags=SA_RESTART|SA_SIGINFO
SIGUSR1: SIG_DFL, sa_mask[0]=00000000000000000000000000000000, sa_flags=none
SIGUSR2: [libjvm.so+0x74d710], sa_mask[0]=00100000000000000000000000000000, sa_flags=SA_RESTART|SA_SIGINFO
SIGHUP: [libjvm.so+0x74d910], sa_mask[0]=11111111011111111101111111111110, sa_flags=SA_RESTART|SA_SIGINFO
SIGINT: [libjvm.so+0x74d910], sa_mask[0]=11111111011111111101111111111110, sa_flags=SA_RESTART|SA_SIGINFO
SIGTERM: [libjvm.so+0x74d910], sa_mask[0]=11111111011111111101111111111110, sa_flags=SA_RESTART|SA_SIGINFO
SIGQUIT: [libjvm.so+0x74d910], sa_mask[0]=11111111011111111101111111111110, sa_flags=SA_RESTART|SA_SIGINFO


---------------  S Y S T E M  ---------------

OS:DISTRIB_ID=Ubuntu
DISTRIB_RELEASE=14.10
DISTRIB_CODENAME=utopic
DISTRIB_DESCRIPTION="Ubuntu 14.10"

uname:Linux 3.16.0-34-generic #47-Ubuntu SMP Fri Apr 10 18:03:41 UTC 2015 i686
libc:glibc 2.19 NPTL 2.19 
rlimit: STACK 8192k, CORE 0k, NPROC 31643, NOFILE 4096, AS infinity
load average:6,95 3,54 1,71

/proc/meminfo:
MemTotal:        4080828 kB
MemFree:          248168 kB
MemAvailable:     209564 kB
Buffers:           15200 kB
Cached:           198024 kB
SwapCached:            0 kB
Active:          3561956 kB
Inactive:         152244 kB
Active(anon):    3519332 kB
Inactive(anon):   110592 kB
Active(file):      42624 kB
Inactive(file):    41652 kB
Unevictable:         260 kB
Mlocked:             260 kB
HighTotal:       3218184 kB
HighFree:          55904 kB
LowTotal:         862644 kB
LowFree:          192264 kB
SwapTotal:             0 kB
SwapFree:              0 kB
Dirty:               204 kB
Writeback:             0 kB
AnonPages:       3501716 kB
Mapped:           130636 kB
Shmem:            128468 kB
Slab:              61900 kB
SReclaimable:      26764 kB
SUnreclaim:        35136 kB
KernelStack:        4448 kB
PageTables:        21236 kB
NFS_Unstable:          0 kB
Bounce:               84 kB
WritebackTmp:          0 kB
CommitLimit:     2040412 kB
Committed_AS:    7528272 kB
VmallocTotal:     122880 kB
VmallocUsed:       16332 kB
VmallocChunk:     100340 kB
AnonHugePages:    868352 kB
HugePages_Total:       0
HugePages_Free:        0
HugePages_Rsvd:        0
HugePages_Surp:        0
Hugepagesize:       2048 kB
DirectMap4k:       40952 kB
DirectMap2M:      868352 kB


CPU:total 4 (2 cores per cpu, 2 threads per core) family 6 model 42 stepping 7, cmov, cx8, fxsr, mmx, sse, sse2, sse3, ssse3, sse4.1, sse4.2, popcnt, avx, clmul, ht, tsc, tscinvbit

/proc/cpuinfo:
processor	: 0
vendor_id	: GenuineIntel
cpu family	: 6
model		: 42
model name	: Intel(R) Core(TM) i3-2310M CPU @ 2.10GHz
stepping	: 7
microcode	: 0x1a
cpu MHz		: 2100.000
cache size	: 3072 KB
physical id	: 0
siblings	: 4
core id		: 0
cpu cores	: 2
apicid		: 0
initial apicid	: 0
fdiv_bug	: no
f00f_bug	: no
coma_bug	: no
fpu		: yes
fpu_exception	: yes
cpuid level	: 13
wp		: yes
flags		: fpu vme de pse tsc msr pae mce cx8 apic sep mtrr pge mca cmov pat pse36 clflush dts acpi mmx fxsr sse sse2 ss ht tm pbe nx rdtscp lm constant_tsc arch_perfmon pebs bts xtopology nonstop_tsc aperfmperf eagerfpu pni pclmulqdq dtes64 monitor ds_cpl vmx est tm2 ssse3 cx16 xtpr pdcm pcid sse4_1 sse4_2 x2apic popcnt tsc_deadline_timer xsave avx lahf_lm arat epb xsaveopt pln pts dtherm tpr_shadow vnmi flexpriority ept vpid
bogomips	: 4190.46
clflush size	: 64
cache_alignment	: 64
address sizes	: 36 bits physical, 48 bits virtual
power management:

processor	: 1
vendor_id	: GenuineIntel
cpu family	: 6
model		: 42
model name	: Intel(R) Core(TM) i3-2310M CPU @ 2.10GHz
stepping	: 7
microcode	: 0x1a
cpu MHz		: 2100.000
cache size	: 3072 KB
physical id	: 0
siblings	: 4
core id		: 0
cpu cores	: 2
apicid		: 1
initial apicid	: 1
fdiv_bug	: no
f00f_bug	: no
coma_bug	: no
fpu		: yes
fpu_exception	: yes
cpuid level	: 13
wp		: yes
flags		: fpu vme de pse tsc msr pae mce cx8 apic sep mtrr pge mca cmov pat pse36 clflush dts acpi mmx fxsr sse sse2 ss ht tm pbe nx rdtscp lm constant_tsc arch_perfmon pebs bts xtopology nonstop_tsc aperfmperf eagerfpu pni pclmulqdq dtes64 monitor ds_cpl vmx est tm2 ssse3 cx16 xtpr pdcm pcid sse4_1 sse4_2 x2apic popcnt tsc_deadline_timer xsave avx lahf_lm arat epb xsaveopt pln pts dtherm tpr_shadow vnmi flexpriority ept vpid
bogomips	: 4190.46
clflush size	: 64
cache_alignment	: 64
address sizes	: 36 bits physical, 48 bits virtual
power management:

processor	: 2
vendor_id	: GenuineIntel
cpu family	: 6
model		: 42
model name	: Intel(R) Core(TM) i3-2310M CPU @ 2.10GHz
stepping	: 7
microcode	: 0x1a
cpu MHz		: 2100.000
cache size	: 3072 KB
physical id	: 0
siblings	: 4
core id		: 1
cpu cores	: 2
apicid		: 2
initial apicid	: 2
fdiv_bug	: no
f00f_bug	: no
coma_bug	: no
fpu		: yes
fpu_exception	: yes
cpuid level	: 13
wp		: yes
flags		: fpu vme de pse tsc msr pae mce cx8 apic sep mtrr pge mca cmov pat pse36 clflush dts acpi mmx fxsr sse sse2 ss ht tm pbe nx rdtscp lm constant_tsc arch_perfmon pebs bts xtopology nonstop_tsc aperfmperf eagerfpu pni pclmulqdq dtes64 monitor ds_cpl vmx est tm2 ssse3 cx16 xtpr pdcm pcid sse4_1 sse4_2 x2apic popcnt tsc_deadline_timer xsave avx lahf_lm arat epb xsaveopt pln pts dtherm tpr_shadow vnmi flexpriority ept vpid
bogomips	: 4190.46
clflush size	: 64
cache_alignment	: 64
address sizes	: 36 bits physical, 48 bits virtual
power management:

processor	: 3
vendor_id	: GenuineIntel
cpu family	: 6
model		: 42
model name	: Intel(R) Core(TM) i3-2310M CPU @ 2.10GHz
stepping	: 7
microcode	: 0x1a
cpu MHz		: 2100.000
cache size	: 3072 KB
physical id	: 0
siblings	: 4
core id		: 1
cpu cores	: 2
apicid		: 3
initial apicid	: 3
fdiv_bug	: no
f00f_bug	: no
coma_bug	: no
fpu		: yes
fpu_exception	: yes
cpuid level	: 13
wp		: yes
flags		: fpu vme de pse tsc msr pae mce cx8 apic sep mtrr pge mca cmov pat pse36 clflush dts acpi mmx fxsr sse sse2 ss ht tm pbe nx rdtscp lm constant_tsc arch_perfmon pebs bts xtopology nonstop_tsc aperfmperf eagerfpu pni pclmulqdq dtes64 monitor ds_cpl vmx est tm2 ssse3 cx16 xtpr pdcm pcid sse4_1 sse4_2 x2apic popcnt tsc_deadline_timer xsave avx lahf_lm arat epb xsaveopt pln pts dtherm tpr_shadow vnmi flexpriority ept vpid
bogomips	: 4190.46
clflush size	: 64
cache_alignment	: 64
address sizes	: 36 bits physical, 48 bits virtual
power management:



Memory: 4k page, physical 4080828k(247748k free), swap 0k(0k free)

vm_info: OpenJDK Server VM (25.40-b13) for linux-x86 JRE (1.8.0_40-internal-b09), built on Oct 14 2014 17:18:31 by "buildd" with gcc 4.9.1

time: Wed Jun 17 10:55:24 2015
elapsed time: 16 seconds (0d 0h 0m 16s)

