#
# There is insufficient memory for the Java Runtime Environment to continue.
# Native memory allocation (mmap) failed to map 131072 bytes for committing reserved memory.
# Possible reasons:
#   The system is out of physical RAM or swap space
#   In 32 bit mode, the process size limit was hit
# Possible solutions:
#   Reduce memory load on the system
#   Increase physical memory or swap space
#   Check if swap backing store is full
#   Use 64 bit Java on a 64 bit OS
#   Decrease Java heap size (-Xmx/-Xms)
#   Decrease number of Java threads
#   Decrease Java thread stack sizes (-Xss)
#   Set larger code cache with -XX:ReservedCodeCacheSize=
# This output file may be truncated or incomplete.
#
#  Out of Memory Error (os_linux.cpp:2673), pid=7780, tid=3057847104
#
# JRE version: OpenJDK Runtime Environment (8.0_40-b09) (build 1.8.0_40-internal-b09)
# Java VM: OpenJDK Server VM (25.40-b13 mixed mode linux-x86 )
# Failed to write core dump. Core dumps have been disabled. To enable core dumping, try "ulimit -c unlimited" before starting Java again
#

---------------  T H R E A D  ---------------

Current thread (0xb6207400):  JavaThread "main" [_thread_in_vm, id=7781, stack(0xb63e0000,0xb6431000)]

Stack: [0xb63e0000,0xb6431000],  sp=0xb642c080,  free space=304k
Native frames: (J=compiled Java code, j=interpreted, Vv=VM code, C=native code)
V  [libjvm.so+0x8e5160]
V  [libjvm.so+0x3b6e76]
V  [libjvm.so+0x752160]
V  [libjvm.so+0x74c513]
V  [libjvm.so+0x8e1f37]
V  [libjvm.so+0x6e1297]
V  [libjvm.so+0x6e14aa]
V  [libjvm.so+0x6e27fd]
V  [libjvm.so+0x6e3104]
V  [libjvm.so+0x6e3295]
V  [libjvm.so+0x6e8172]
V  [libjvm.so+0x32362b]
V  [libjvm.so+0x324eb8]
V  [libjvm.so+0x325fae]
V  [libjvm.so+0x85b2be]
V  [libjvm.so+0x56d65e]
V  [libjvm.so+0x56f7e5]  JVM_DefineClassWithSource+0x95
C  [libjava.so+0xb11b]  Java_java_lang_ClassLoader_defineClass1+0x33b
J 893  java.lang.ClassLoader.defineClass1(Ljava/lang/String;[BIILjava/security/ProtectionDomain;Ljava/lang/String;)Ljava/lang/Class; (0 bytes) @ 0xa745e84b [0xa745e760+0xeb]
J 646 C1 java.lang.ClassLoader.defineClass(Ljava/lang/String;[BIILjava/security/ProtectionDomain;)Ljava/lang/Class; (43 bytes) @ 0xa73ecbd4 [0xa73ec720+0x4b4]
J 641 C1 java.net.URLClassLoader.defineClass(Ljava/lang/String;Lsun/misc/Resource;)Ljava/lang/Class; (142 bytes) @ 0xa73e6cb8 [0xa73e55e0+0x16d8]
J 516 C1 java.net.URLClassLoader$1.run()Ljava/lang/Class; (73 bytes) @ 0xa7388198 [0xa7387f60+0x238]
J 442 C1 java.net.URLClassLoader$1.run()Ljava/lang/Object; (5 bytes) @ 0xa7361d50 [0xa7361ce0+0x70]
v  ~StubRoutines::call_stub
V  [libjvm.so+0x53177d]
V  [libjvm.so+0x755c05]
V  [libjvm.so+0x530a2a]
V  [libjvm.so+0x57aa97]  JVM_DoPrivileged+0x537
C  [libjava.so+0x9bd5]  Java_java_security_AccessController_doPrivileged__Ljava_security_PrivilegedExceptionAction_2Ljava_security_AccessControlContext_2+0x25
J 441  java.security.AccessController.doPrivileged(Ljava/security/PrivilegedExceptionAction;Ljava/security/AccessControlContext;)Ljava/lang/Object; (0 bytes) @ 0xa735eacc [0xa735ea20+0xac]
J 398 C1 java.net.URLClassLoader.findClass(Ljava/lang/String;)Ljava/lang/Class; (29 bytes) @ 0xa7344d10 [0xa7344be0+0x130]
J 191 C1 java.lang.ClassLoader.loadClass(Ljava/lang/String;Z)Ljava/lang/Class; (122 bytes) @ 0xa72e3c38 [0xa72e34e0+0x758]
J 321 C1 sun.misc.Launcher$AppClassLoader.loadClass(Ljava/lang/String;Z)Ljava/lang/Class; (40 bytes) @ 0xa731d644 [0xa731d2e0+0x364]
J 279 C1 java.lang.ClassLoader.loadClass(Ljava/lang/String;)Ljava/lang/Class; (7 bytes) @ 0xa73083c0 [0xa73082e0+0xe0]
v  ~StubRoutines::call_stub
V  [libjvm.so+0x53177d]
V  [libjvm.so+0x755c05]
V  [libjvm.so+0x52f475]
V  [libjvm.so+0x52f99b]
V  [libjvm.so+0x8619c3]
V  [libjvm.so+0x8604f1]
V  [libjvm.so+0x862025]
V  [libjvm.so+0x7c5256]
V  [libjvm.so+0x7c544e]
V  [libjvm.so+0x7c5cdb]
V  [libjvm.so+0x57c502]
V  [libjvm.so+0x57c64d]  JVM_GetClassDeclaredMethods+0x9d
j  java.lang.Class.getDeclaredMethods0(Z)[Ljava/lang/reflect/Method;+0
j  java.lang.Class.privateGetDeclaredMethods(Z)[Ljava/lang/reflect/Method;+37
j  java.lang.Class.getDeclaredMethod(Ljava/lang/String;[Ljava/lang/Class;)Ljava/lang/reflect/Method;+11
j  org.apache.xmlbeans.impl.schema.SchemaTypeLoaderBase.getMethod(Ljava/lang/String;Ljava/lang/String;[Ljava/lang/Class;)Ljava/lang/reflect/Method;+6
j  org.apache.xmlbeans.impl.schema.SchemaTypeLoaderBase.<clinit>()V+131
v  ~StubRoutines::call_stub
V  [libjvm.so+0x53177d]
V  [libjvm.so+0x755c05]
V  [libjvm.so+0x530a2a]
V  [libjvm.so+0x50032a]
V  [libjvm.so+0x500926]
V  [libjvm.so+0x500dea]
V  [libjvm.so+0x500ab3]
V  [libjvm.so+0x500dea]
V  [libjvm.so+0x7c78e3]
V  [libjvm.so+0x7c9945]
V  [libjvm.so+0x577c45]  JVM_InvokeMethod+0x175
C  [libjava.so+0xce63]  Java_sun_reflect_NativeMethodAccessorImpl_invoke0+0x23
j  sun.reflect.NativeMethodAccessorImpl.invoke0(Ljava/lang/reflect/Method;Ljava/lang/Object;[Ljava/lang/Object;)Ljava/lang/Object;+0
j  sun.reflect.NativeMethodAccessorImpl.invoke(Ljava/lang/Object;[Ljava/lang/Object;)Ljava/lang/Object;+100
j  sun.reflect.DelegatingMethodAccessorImpl.invoke(Ljava/lang/Object;[Ljava/lang/Object;)Ljava/lang/Object;+6
j  java.lang.reflect.Method.invoke(Ljava/lang/Object;[Ljava/lang/Object;)Ljava/lang/Object;+56
j  org.apache.xmlbeans.XmlBeans.getNoType()Lorg/apache/xmlbeans/SchemaType;+5
j  org.apache.xmlbeans.XmlBeans.<clinit>()V+135
v  ~StubRoutines::call_stub
V  [libjvm.so+0x53177d]
V  [libjvm.so+0x755c05]
V  [libjvm.so+0x530a2a]
V  [libjvm.so+0x50032a]
V  [libjvm.so+0x500926]
V  [libjvm.so+0x500dea]
V  [libjvm.so+0x63cdd6]
V  [libjvm.so+0x642ab6]
V  [libjvm.so+0x6449d9]
V  [libjvm.so+0x529782]
j  org.openxmlformats.schemas.drawingml.x2006.main.ThemeDocument$Factory.parse(Ljava/io/InputStream;)Lorg/openxmlformats/schemas/drawingml/x2006/main/ThemeDocument;+0
j  org.apache.poi.xssf.model.ThemesTable.<init>(Lorg/apache/poi/openxml4j/opc/PackagePart;Lorg/apache/poi/openxml4j/opc/PackageRelationship;)V+11
v  ~StubRoutines::call_stub
V  [libjvm.so+0x53177d]
V  [libjvm.so+0x755c05]
V  [libjvm.so+0x530a2a]
V  [libjvm.so+0x7c7d2a]
V  [libjvm.so+0x7c9e2d]
V  [libjvm.so+0x577f3d]  JVM_NewInstanceFromConstructor+0x9d
C  [libjava.so+0xce90]  Java_sun_reflect_NativeConstructorAccessorImpl_newInstance0+0x20
j  sun.reflect.NativeConstructorAccessorImpl.newInstance0(Ljava/lang/reflect/Constructor;[Ljava/lang/Object;)Ljava/lang/Object;+0
j  sun.reflect.NativeConstructorAccessorImpl.newInstance([Ljava/lang/Object;)Ljava/lang/Object;+85
j  sun.reflect.DelegatingConstructorAccessorImpl.newInstance([Ljava/lang/Object;)Ljava/lang/Object;+5
j  java.lang.reflect.Constructor.newInstance([Ljava/lang/Object;)Ljava/lang/Object;+79
j  org.apache.poi.xssf.usermodel.XSSFFactory.createDocumentPart(Lorg/apache/poi/POIXMLDocumentPart;Lorg/apache/poi/openxml4j/opc/PackageRelationship;Lorg/apache/poi/openxml4j/opc/PackagePart;)Lorg/apache/poi/POIXMLDocumentPart;+105
j  org.apache.poi.POIXMLDocumentPart.read(Lorg/apache/poi/POIXMLFactory;Ljava/util/Map;)V+145
j  org.apache.poi.POIXMLDocument.load(Lorg/apache/poi/POIXMLFactory;)V+11
j  org.apache.poi.xssf.usermodel.XSSFWorkbook.<init>(Ljava/io/InputStream;)V+44
...<more frames>...

Java frames: (J=compiled Java code, j=interpreted, Vv=VM code)
J 893  java.lang.ClassLoader.defineClass1(Ljava/lang/String;[BIILjava/security/ProtectionDomain;Ljava/lang/String;)Ljava/lang/Class; (0 bytes) @ 0xa745e807 [0xa745e760+0xa7]
J 646 C1 java.lang.ClassLoader.defineClass(Ljava/lang/String;[BIILjava/security/ProtectionDomain;)Ljava/lang/Class; (43 bytes) @ 0xa73ecbd4 [0xa73ec720+0x4b4]
J 641 C1 java.net.URLClassLoader.defineClass(Ljava/lang/String;Lsun/misc/Resource;)Ljava/lang/Class; (142 bytes) @ 0xa73e6cb8 [0xa73e55e0+0x16d8]
J 516 C1 java.net.URLClassLoader$1.run()Ljava/lang/Class; (73 bytes) @ 0xa7388198 [0xa7387f60+0x238]
J 442 C1 java.net.URLClassLoader$1.run()Ljava/lang/Object; (5 bytes) @ 0xa7361d50 [0xa7361ce0+0x70]
v  ~StubRoutines::call_stub
J 441  java.security.AccessController.doPrivileged(Ljava/security/PrivilegedExceptionAction;Ljava/security/AccessControlContext;)Ljava/lang/Object; (0 bytes) @ 0xa735ea88 [0xa735ea20+0x68]
J 398 C1 java.net.URLClassLoader.findClass(Ljava/lang/String;)Ljava/lang/Class; (29 bytes) @ 0xa7344d10 [0xa7344be0+0x130]
J 191 C1 java.lang.ClassLoader.loadClass(Ljava/lang/String;Z)Ljava/lang/Class; (122 bytes) @ 0xa72e3c38 [0xa72e34e0+0x758]
J 321 C1 sun.misc.Launcher$AppClassLoader.loadClass(Ljava/lang/String;Z)Ljava/lang/Class; (40 bytes) @ 0xa731d644 [0xa731d2e0+0x364]
J 279 C1 java.lang.ClassLoader.loadClass(Ljava/lang/String;)Ljava/lang/Class; (7 bytes) @ 0xa73083c0 [0xa73082e0+0xe0]
v  ~StubRoutines::call_stub
j  java.lang.Class.getDeclaredMethods0(Z)[Ljava/lang/reflect/Method;+0
j  java.lang.Class.privateGetDeclaredMethods(Z)[Ljava/lang/reflect/Method;+37
j  java.lang.Class.getDeclaredMethod(Ljava/lang/String;[Ljava/lang/Class;)Ljava/lang/reflect/Method;+11
j  org.apache.xmlbeans.impl.schema.SchemaTypeLoaderBase.getMethod(Ljava/lang/String;Ljava/lang/String;[Ljava/lang/Class;)Ljava/lang/reflect/Method;+6
j  org.apache.xmlbeans.impl.schema.SchemaTypeLoaderBase.<clinit>()V+131
v  ~StubRoutines::call_stub
j  sun.reflect.NativeMethodAccessorImpl.invoke0(Ljava/lang/reflect/Method;Ljava/lang/Object;[Ljava/lang/Object;)Ljava/lang/Object;+0
j  sun.reflect.NativeMethodAccessorImpl.invoke(Ljava/lang/Object;[Ljava/lang/Object;)Ljava/lang/Object;+100
j  sun.reflect.DelegatingMethodAccessorImpl.invoke(Ljava/lang/Object;[Ljava/lang/Object;)Ljava/lang/Object;+6
j  java.lang.reflect.Method.invoke(Ljava/lang/Object;[Ljava/lang/Object;)Ljava/lang/Object;+56
j  org.apache.xmlbeans.XmlBeans.getNoType()Lorg/apache/xmlbeans/SchemaType;+5
j  org.apache.xmlbeans.XmlBeans.<clinit>()V+135
v  ~StubRoutines::call_stub
j  org.openxmlformats.schemas.drawingml.x2006.main.ThemeDocument$Factory.parse(Ljava/io/InputStream;)Lorg/openxmlformats/schemas/drawingml/x2006/main/ThemeDocument;+0
j  org.apache.poi.xssf.model.ThemesTable.<init>(Lorg/apache/poi/openxml4j/opc/PackagePart;Lorg/apache/poi/openxml4j/opc/PackageRelationship;)V+11
v  ~StubRoutines::call_stub
j  sun.reflect.NativeConstructorAccessorImpl.newInstance0(Ljava/lang/reflect/Constructor;[Ljava/lang/Object;)Ljava/lang/Object;+0
j  sun.reflect.NativeConstructorAccessorImpl.newInstance([Ljava/lang/Object;)Ljava/lang/Object;+85
j  sun.reflect.DelegatingConstructorAccessorImpl.newInstance([Ljava/lang/Object;)Ljava/lang/Object;+5
j  java.lang.reflect.Constructor.newInstance([Ljava/lang/Object;)Ljava/lang/Object;+79
j  org.apache.poi.xssf.usermodel.XSSFFactory.createDocumentPart(Lorg/apache/poi/POIXMLDocumentPart;Lorg/apache/poi/openxml4j/opc/PackageRelationship;Lorg/apache/poi/openxml4j/opc/PackagePart;)Lorg/apache/poi/POIXMLDocumentPart;+105
j  org.apache.poi.POIXMLDocumentPart.read(Lorg/apache/poi/POIXMLFactory;Ljava/util/Map;)V+145
j  org.apache.poi.POIXMLDocument.load(Lorg/apache/poi/POIXMLFactory;)V+11
j  org.apache.poi.xssf.usermodel.XSSFWorkbook.<init>(Ljava/io/InputStream;)V+44
j  com.health.input.XlsParser.parse(Ljava/lang/String;Lcom/health/input/InputDescriptor;)Lcom/health/Table;+224
j  com.health.input.XlsParserTest.testXlsx()V+21
v  ~StubRoutines::call_stub
j  sun.reflect.NativeMethodAccessorImpl.invoke0(Ljava/lang/reflect/Method;Ljava/lang/Object;[Ljava/lang/Object;)Ljava/lang/Object;+0
j  sun.reflect.NativeMethodAccessorImpl.invoke(Ljava/lang/Object;[Ljava/lang/Object;)Ljava/lang/Object;+100
j  sun.reflect.DelegatingMethodAccessorImpl.invoke(Ljava/lang/Object;[Ljava/lang/Object;)Ljava/lang/Object;+6
j  java.lang.reflect.Method.invoke(Ljava/lang/Object;[Ljava/lang/Object;)Ljava/lang/Object;+56
j  org.junit.runners.model.FrameworkMethod$1.runReflectiveCall()Ljava/lang/Object;+15
j  org.junit.internal.runners.model.ReflectiveCallable.run()Ljava/lang/Object;+1
j  org.junit.runners.model.FrameworkMethod.invokeExplosively(Ljava/lang/Object;[Ljava/lang/Object;)Ljava/lang/Object;+10
j  org.junit.internal.runners.statements.InvokeMethod.evaluate()V+12
j  org.junit.internal.runners.statements.RunBefores.evaluate()V+49
j  org.junit.runners.ParentRunner.runLeaf(Lorg/junit/runners/model/Statement;Lorg/junit/runner/Description;Lorg/junit/runner/notification/RunNotifier;)V+17
j  org.junit.runners.BlockJUnit4ClassRunner.runChild(Lorg/junit/runners/model/FrameworkMethod;Lorg/junit/runner/notification/RunNotifier;)V+30
j  org.junit.runners.BlockJUnit4ClassRunner.runChild(Ljava/lang/Object;Lorg/junit/runner/notification/RunNotifier;)V+6
j  org.junit.runners.ParentRunner$3.run()V+12
j  org.junit.runners.ParentRunner$1.schedule(Ljava/lang/Runnable;)V+1
j  org.junit.runners.ParentRunner.runChildren(Lorg/junit/runner/notification/RunNotifier;)V+44
j  org.junit.runners.ParentRunner.access$000(Lorg/junit/runners/ParentRunner;Lorg/junit/runner/notification/RunNotifier;)V+2
j  org.junit.runners.ParentRunner$2.evaluate()V+8
j  org.junit.runners.ParentRunner.run(Lorg/junit/runner/notification/RunNotifier;)V+20
j  org.apache.maven.surefire.junit4.JUnit4Provider.execute(Ljava/lang/Class;Lorg/junit/runner/notification/RunNotifier;[Ljava/lang/String;)V+116
j  org.apache.maven.surefire.junit4.JUnit4Provider.executeTestSet(Ljava/lang/Class;Lorg/apache/maven/surefire/report/RunListener;Lorg/junit/runner/notification/RunNotifier;)V+70
j  org.apache.maven.surefire.junit4.JUnit4Provider.invoke(Ljava/lang/Object;)Lorg/apache/maven/surefire/suite/RunResult;+133
v  ~StubRoutines::call_stub
j  sun.reflect.NativeMethodAccessorImpl.invoke0(Ljava/lang/reflect/Method;Ljava/lang/Object;[Ljava/lang/Object;)Ljava/lang/Object;+0
j  sun.reflect.NativeMethodAccessorImpl.invoke(Ljava/lang/Object;[Ljava/lang/Object;)Ljava/lang/Object;+100
j  sun.reflect.DelegatingMethodAccessorImpl.invoke(Ljava/lang/Object;[Ljava/lang/Object;)Ljava/lang/Object;+6
j  java.lang.reflect.Method.invoke(Ljava/lang/Object;[Ljava/lang/Object;)Ljava/lang/Object;+56
j  org.apache.maven.surefire.util.ReflectionUtils.invokeMethodWithArray(Ljava/lang/Object;Ljava/lang/reflect/Method;[Ljava/lang/Object;)Ljava/lang/Object;+3
j  org.apache.maven.surefire.booter.ProviderFactory$ProviderProxy.invoke(Ljava/lang/Object;)Lorg/apache/maven/surefire/suite/RunResult;+38
j  org.apache.maven.surefire.booter.ProviderFactory.invokeProvider(Ljava/lang/Object;Ljava/lang/ClassLoader;Ljava/lang/ClassLoader;Ljava/lang/Object;Lorg/apache/maven/surefire/booter/ProviderConfiguration;ZLorg/apache/maven/surefire/booter/StartupConfiguration;Z)Lorg/apache/maven/surefire/suite/RunResult;+38
j  org.apache.maven.surefire.booter.ForkedBooter.runSuitesInProcess(Ljava/lang/Object;Ljava/lang/ClassLoader;Lorg/apache/maven/surefire/booter/StartupConfiguration;Lorg/apache/maven/surefire/booter/ProviderConfiguration;Ljava/io/PrintStream;)Lorg/apache/maven/surefire/suite/RunResult;+45
j  org.apache.maven.surefire.booter.ForkedBooter.main([Ljava/lang/String;)V+136
v  ~StubRoutines::call_stub

---------------  P R O C E S S  ---------------

Java Threads: ( => current thread )
  0x652f3800 JavaThread "Service Thread" daemon [_thread_blocked, id=7793, stack(0x64b8a000,0x64bdb000)]
  0x652a7800 JavaThread "C1 CompilerThread2" daemon [_thread_blocked, id=7792, stack(0x64bdb000,0x64c5c000)]
  0x652a6000 JavaThread "C2 CompilerThread1" daemon [_thread_blocked, id=7791, stack(0x64c5c000,0x64cdd000)]
  0x652a4400 JavaThread "C2 CompilerThread0" daemon [_thread_blocked, id=7790, stack(0x64cdd000,0x64d5e000)]
  0x652a2c00 JavaThread "Signal Dispatcher" daemon [_thread_blocked, id=7789, stack(0x64d5e000,0x64daf000)]
  0x65285800 JavaThread "Finalizer" daemon [_thread_blocked, id=7788, stack(0x64faf000,0x65000000)]
  0x65284000 JavaThread "Reference Handler" daemon [_thread_blocked, id=7787, stack(0x67e2e000,0x67e7f000)]
=>0xb6207400 JavaThread "main" [_thread_in_vm, id=7781, stack(0xb63e0000,0xb6431000)]

Other Threads:
  0x65280c00 VMThread [stack: 0x65350000,0x653d1000] [id=7786]
  0x652f5400 WatcherThread [stack: 0x64b09000,0x64b8a000] [id=7794]

VM state:not at safepoint (normal execution)

VM Mutex/Monitor currently owned by a thread: None

Heap:
 PSYoungGen      total 19200K, used 7596K [0x92180000, 0x94700000, 0xa6e00000)
  eden space 16640K, 30% used [0x92180000,0x9266edb0,0x931c0000)
  from space 2560K, 99% used [0x94480000,0x946fc470,0x94700000)
  to   space 2560K, 0% used [0x931c0000,0x931c0000,0x93440000)
 ParOldGen       total 104192K, used 84578K [0x68800000, 0x6edc0000, 0x92180000)
  object space 104192K, 81% used [0x68800000,0x6da98850,0x6edc0000)
 Metaspace       used 7763K, capacity 7943K, committed 7960K, reserved 8496K

Card table byte_map: [0x6860c000,0x68800000] byte_map_base: 0x682c8000

Marking Bits: (ParMarkBitMap*) 0xb70eef40
 Begin Bits: [0x65dd0000, 0x66d68000)
 End Bits:   [0x66d68000, 0x67d00000)

Polling page: 0xb76f3000

CodeCache: size=245760Kb used=2689Kb max_used=2699Kb free=243070Kb
 bounds [0xa7200000, 0xa74a8000, 0xb6200000]
 total_blobs=1158 nmethods=981 adapters=93
 compilation: enabled

Compilation events (10 events):
Event: 37,144 Thread 0x652a4400 nmethod 974 0xa74a2408 code [0xa74a27a0, 0xa74a3e08]
Event: 37,166 Thread 0x652a6000 nmethod 977 0xa749d588 code [0xa749d700, 0xa749dfd0]
Event: 37,893 Thread 0x652a7800  979       3       java.util.jar.Attributes::put (18 bytes)
Event: 37,949 Thread 0x652a7800 nmethod 979 0xa749d088 code [0xa749d1c0, 0xa749d4ac]
Event: 37,949 Thread 0x652a7800  978       3       java.util.jar.Attributes::putValue (17 bytes)
Event: 37,949 Thread 0x652a7800 nmethod 978 0xa749cac8 code [0xa749cc20, 0xa749cf18]
Event: 50,540 Thread 0x652a6000  980       4       java.lang.CharacterDataLatin1::toUpperCase (53 bytes)
Event: 51,562 Thread 0x652a6000 nmethod 980 0xa749b3c8 code [0xa749b4c0, 0xa749b570]
Event: 69,460 Thread 0x652a7800  981       3       sun.misc.VM::isSystemDomainLoader (10 bytes)
Event: 71,637 Thread 0x652a7800 nmethod 981 0xa749b148 code [0xa749b260, 0xa749b360]

GC Heap History (4 events):
Event: 3,674 GC heap before
{Heap before GC invocations=1 (full 0):
 PSYoungGen      total 19200K, used 16640K [0x92180000, 0x936c0000, 0xa6e00000)
  eden space 16640K, 100% used [0x92180000,0x931c0000,0x931c0000)
  from space 2560K, 0% used [0x93440000,0x93440000,0x936c0000)
  to   space 2560K, 0% used [0x931c0000,0x931c0000,0x93440000)
 ParOldGen       total 43776K, used 0K [0x68800000, 0x6b2c0000, 0x92180000)
  object space 43776K, 0% used [0x68800000,0x68800000,0x6b2c0000)
 Metaspace       used 4637K, capacity 4778K, committed 4888K, reserved 5424K
Event: 3,718 GC heap after
Heap after GC invocations=1 (full 0):
 PSYoungGen      total 19200K, used 2545K [0x92180000, 0x94700000, 0xa6e00000)
  eden space 16640K, 0% used [0x92180000,0x92180000,0x931c0000)
  from space 2560K, 99% used [0x931c0000,0x9343c798,0x93440000)
  to   space 2560K, 0% used [0x94480000,0x94480000,0x94700000)
 ParOldGen       total 43776K, used 146K [0x68800000, 0x6b2c0000, 0x92180000)
  object space 43776K, 0% used [0x68800000,0x68824b28,0x6b2c0000)
 Metaspace       used 4637K, capacity 4778K, committed 4888K, reserved 5424K
}
Event: 27,446 GC heap before
{Heap before GC invocations=2 (full 0):
 PSYoungGen      total 19200K, used 19185K [0x92180000, 0x94700000, 0xa6e00000)
  eden space 16640K, 100% used [0x92180000,0x931c0000,0x931c0000)
  from space 2560K, 99% used [0x931c0000,0x9343c798,0x93440000)
  to   space 2560K, 0% used [0x94480000,0x94480000,0x94700000)
 ParOldGen       total 104192K, used 83860K [0x68800000, 0x6edc0000, 0x92180000)
  object space 104192K, 80% used [0x68800000,0x6d9e5338,0x6edc0000)
 Metaspace       used 7298K, capacity 7495K, committed 7576K, reserved 8496K
Event: 27,476 GC heap after
Heap after GC invocations=2 (full 0):
 PSYoungGen      total 19200K, used 2545K [0x92180000, 0x94700000, 0xa6e00000)
  eden space 16640K, 0% used [0x92180000,0x92180000,0x931c0000)
  from space 2560K, 99% used [0x94480000,0x946fc470,0x94700000)
  to   space 2560K, 0% used [0x931c0000,0x931c0000,0x93440000)
 ParOldGen       total 104192K, used 84578K [0x68800000, 0x6edc0000, 0x92180000)
  object space 104192K, 81% used [0x68800000,0x6da98850,0x6edc0000)
 Metaspace       used 7298K, capacity 7495K, committed 7576K, reserved 8496K
}

Deoptimization events (2 events):
Event: 2,826 Thread 0xb6207400 Uncommon trap: reason=unstable_if action=reinterpret pc=0xa735e780 method=java.lang.String.startsWith(Ljava/lang/String;I)Z @ 37
Event: 3,878 Thread 0xb6207400 Uncommon trap: reason=range_check action=make_not_entrant pc=0xa73c6d44 method=sun.reflect.generics.parser.SignatureParser.current()C @ 34

Internal exceptions (10 events):
Event: 69,293 Thread 0xb6207400 Exception <a 'java/security/PrivilegedActionException'> (0x925c43f8) thrown at [/build/buildd/openjdk-8-8u40~b09/src/hotspot/src/share/vm/prims/jvm.cpp, line 1288]
Event: 69,297 Thread 0xb6207400 Exception <a 'java/security/PrivilegedActionException'> (0x925cded0) thrown at [/build/buildd/openjdk-8-8u40~b09/src/hotspot/src/share/vm/prims/jvm.cpp, line 1288]
Event: 69,343 Thread 0xb6207400 Exception <a 'java/security/PrivilegedActionException'> (0x925d7308) thrown at [/build/buildd/openjdk-8-8u40~b09/src/hotspot/src/share/vm/prims/jvm.cpp, line 1288]
Event: 69,346 Thread 0xb6207400 Exception <a 'java/security/PrivilegedActionException'> (0x925dfb48) thrown at [/build/buildd/openjdk-8-8u40~b09/src/hotspot/src/share/vm/prims/jvm.cpp, line 1288]
Event: 69,348 Thread 0xb6207400 Exception <a 'java/security/PrivilegedActionException'> (0x925e9a18) thrown at [/build/buildd/openjdk-8-8u40~b09/src/hotspot/src/share/vm/prims/jvm.cpp, line 1288]
Event: 69,432 Thread 0xb6207400 Exception <a 'java/security/PrivilegedActionException'> (0x925f49f0) thrown at [/build/buildd/openjdk-8-8u40~b09/src/hotspot/src/share/vm/prims/jvm.cpp, line 1288]
Event: 69,435 Thread 0xb6207400 Exception <a 'java/security/PrivilegedActionException'> (0x925fe380) thrown at [/build/buildd/openjdk-8-8u40~b09/src/hotspot/src/share/vm/prims/jvm.cpp, line 1288]
Event: 69,436 Thread 0xb6207400 Exception <a 'java/security/PrivilegedActionException'> (0x92607b40) thrown at [/build/buildd/openjdk-8-8u40~b09/src/hotspot/src/share/vm/prims/jvm.cpp, line 1288]
Event: 69,438 Thread 0xb6207400 Exception <a 'java/security/PrivilegedActionException'> (0x92617148) thrown at [/build/buildd/openjdk-8-8u40~b09/src/hotspot/src/share/vm/prims/jvm.cpp, line 1288]
Event: 69,727 Thread 0xb6207400 Exception <a 'java/security/PrivilegedActionException'> (0x9262bf80) thrown at [/build/buildd/openjdk-8-8u40~b09/src/hotspot/src/share/vm/prims/jvm.cpp, line 1288]

Events (10 events):
Event: 69,432 loading class org/apache/xmlbeans/impl/schema/PathResourceLoader
Event: 69,432 loading class org/apache/xmlbeans/impl/schema/PathResourceLoader done
Event: 69,435 loading class org/apache/xmlbeans/impl/schema/FileResourceLoader
Event: 69,435 loading class org/apache/xmlbeans/impl/schema/FileResourceLoader done
Event: 69,436 loading class org/apache/xmlbeans/impl/store/Path
Event: 69,436 loading class org/apache/xmlbeans/impl/store/Path done
Event: 69,438 loading class org/apache/xmlbeans/impl/common/XPath$XPathCompileException
Event: 69,438 loading class org/apache/xmlbeans/impl/common/XPath$XPathCompileException done
Event: 69,727 loading class org/apache/xmlbeans/impl/store/Cur
Event: 69,727 loading class org/apache/xmlbeans/impl/store/Cur done


Dynamic libraries:
08048000-08049000 r-xp 00000000 fc:01 10633647   /usr/lib/jvm/java-8-openjdk-i386/jre/bin/java
08049000-0804a000 r--p 00000000 fc:01 10633647   /usr/lib/jvm/java-8-openjdk-i386/jre/bin/java
0804a000-0804b000 rw-p 00001000 fc:01 10633647   /usr/lib/jvm/java-8-openjdk-i386/jre/bin/java
09dd7000-09df8000 rw-p 00000000 00:00 0          [heap]
63d00000-63dfc000 rw-p 00000000 00:00 0 
63dfc000-63e00000 ---p 00000000 00:00 0 
63e00000-63e9e000 rw-p 00000000 00:00 0 
63e9e000-63f00000 ---p 00000000 00:00 0 
63f00000-63f80000 rw-p 00000000 00:00 0 
63fa0000-64000000 ---p 00000000 00:00 0 
64000000-64073000 rw-p 00000000 00:00 0 
64073000-64100000 ---p 00000000 00:00 0 
64100000-64200000 rw-p 00000000 00:00 0 
64200000-64300000 rw-p 00000000 00:00 0 
64300000-64400000 rw-p 00000000 00:00 0 
64400000-644fe000 rw-p 00000000 00:00 0 
644fe000-64500000 ---p 00000000 00:00 0 
64500000-645af000 rw-p 00000000 00:00 0 
645af000-64600000 ---p 00000000 00:00 0 
64631000-64647000 r-xp 00000000 fc:01 10386870   /usr/lib/jvm/java-8-openjdk-i386/jre/lib/i386/libnet.so
64647000-64648000 r--p 00015000 fc:01 10386870   /usr/lib/jvm/java-8-openjdk-i386/jre/lib/i386/libnet.so
64648000-64649000 rw-p 00016000 fc:01 10386870   /usr/lib/jvm/java-8-openjdk-i386/jre/lib/i386/libnet.so
64649000-6464c000 r--s 00007000 00:25 16910632   /home/bjorn/.m2/repository/org/apache/maven/surefire/surefire-junit4/2.12.4/surefire-junit4-2.12.4.jar
6464c000-64653000 r--s 0005e000 00:25 16780339   /home/bjorn/.m2/repository/org/apache/commons/commons-lang3/3.3.2/commons-lang3-3.3.2.jar
64653000-6465d000 r--s 0005d000 00:25 16780338   /home/bjorn/.m2/repository/ch/qos/logback/logback-core/1.0.13/logback-core-1.0.13.jar
6465d000-64663000 r--s 0003b000 00:25 16780337   /home/bjorn/.m2/repository/ch/qos/logback/logback-classic/1.0.13/logback-classic-1.0.13.jar
64663000-646db000 r--s 010ea000 fc:01 10754188   /usr/lib/jvm/java-8-openjdk-i386/lib/tools.jar
646db000-646e2000 r--s 00078000 00:25 16780334   /home/bjorn/.m2/repository/org/mortbay/jetty/jetty/6.1.14/jetty-6.1.14.jar
646e2000-64700000 r--s 001bc000 00:25 16780330   /home/bjorn/.m2/repository/org/apache/ant/ant/1.8.3/ant-1.8.3.jar
64700000-64800000 rw-p 00000000 00:00 0 
64800000-648f2000 rw-p 00000000 00:00 0 
648f2000-64900000 ---p 00000000 00:00 0 
64901000-64903000 r--s 00005000 00:25 16780336   /home/bjorn/.m2/repository/org/slf4j/slf4j-api/1.7.5/slf4j-api-1.7.5.jar
64903000-64906000 r--s 00025000 00:25 16780335   /home/bjorn/.m2/repository/org/mortbay/jetty/jetty-util/6.1.14/jetty-util-6.1.14.jar
64906000-64909000 r--s 0001e000 00:25 16780333   /home/bjorn/.m2/repository/org/mortbay/jetty/servlet-api-2.5/6.1.14/servlet-api-2.5-6.1.14.jar
64909000-64947000 r--s 0025d000 00:25 16779766   /home/bjorn/.m2/repository/org/apache/xmlbeans/xmlbeans/2.6.0/xmlbeans-2.6.0.jar
64947000-64a00000 r--s 004a3000 00:25 16648653   /home/bjorn/.m2/repository/org/apache/poi/poi-ooxml-schemas/3.12/poi-ooxml-schemas-3.12.jar
64a00000-64afa000 rw-p 00000000 00:00 0 
64afa000-64b00000 ---p 00000000 00:00 0 
64b00000-64b03000 r--s 00018000 00:25 16780332   /home/bjorn/.m2/repository/org/apache/ant/ant-junit/1.8.3/ant-junit-1.8.3.jar
64b03000-64b09000 r--s 00032000 00:25 16780342   /home/bjorn/.m2/repository/jaxen/jaxen/1.1.4/jaxen-1.1.4.jar
64b09000-64b0a000 ---p 00000000 00:00 0 
64b0a000-64b8a000 rw-p 00000000 00:00 0          [stack:7794]
64b8a000-64b8d000 ---p 00000000 00:00 0 
64b8d000-64bdb000 rw-p 00000000 00:00 0          [stack:7793]
64bdb000-64bde000 ---p 00000000 00:00 0 
64bde000-64c5c000 rw-p 00000000 00:00 0          [stack:7792]
64c5c000-64c5f000 ---p 00000000 00:00 0 
64c5f000-64cdd000 rw-p 00000000 00:00 0          [stack:7791]
64cdd000-64ce0000 ---p 00000000 00:00 0 
64ce0000-64d5e000 rw-p 00000000 00:00 0          [stack:7790]
64d5e000-64d61000 ---p 00000000 00:00 0 
64d61000-64daf000 rw-p 00000000 00:00 0          [stack:7789]
64daf000-64faf000 r--p 00000000 fc:01 9183875    /usr/lib/locale/locale-archive
64faf000-64fb2000 ---p 00000000 00:00 0 
64fb2000-65000000 rw-p 00000000 00:00 0          [stack:7788]
65000000-650f9000 rw-p 00000000 00:00 0 
650f9000-65100000 ---p 00000000 00:00 0 
65100000-65121000 rw-p 00000000 00:00 0 
65121000-65200000 ---p 00000000 00:00 0 
65200000-652ff000 rw-p 00000000 00:00 0 
652ff000-65300000 ---p 00000000 00:00 0 
65301000-65308000 r--s 00083000 00:25 16780324   /home/bjorn/.m2/repository/net/sourceforge/cobertura/cobertura/2.1.1/cobertura-2.1.1.jar
65308000-6530a000 r--s 00005000 00:25 16779767   /home/bjorn/.m2/repository/stax/stax-api/1.0.1/stax-api-1.0.1.jar
6530a000-6531a000 r--s 0011b000 00:25 16516768   /home/bjorn/.m2/repository/org/apache/poi/poi-ooxml/3.12/poi-ooxml-3.12.jar
6531a000-65321000 r--s 0003a000 00:25 16779765   /home/bjorn/.m2/repository/commons-codec/commons-codec/1.9/commons-codec-1.9.jar
65321000-65344000 r--s 001e7000 00:25 16516766   /home/bjorn/.m2/repository/org/apache/poi/poi/3.12/poi-3.12.jar
65344000-65350000 r--s 0006a000 00:25 16648817   /home/bjorn/.m2/repository/com/thoughtworks/xstream/xstream/1.4.2/xstream-1.4.2.jar
65350000-65351000 ---p 00000000 00:00 0 
65351000-653d1000 rw-p 00000000 00:00 0          [stack:7786]
653d1000-6559e000 r--s 03bc6000 fc:01 10241781   /usr/lib/jvm/java-8-openjdk-i386/jre/lib/rt.jar
6559e000-659e4000 rw-p 00000000 00:00 0 
659e4000-659ea000 ---p 00000000 00:00 0 
659ea000-67d00000 rw-p 00000000 00:00 0 
67d00000-67dff000 rw-p 00000000 00:00 0 
67dff000-67e00000 ---p 00000000 00:00 0 
67e00000-67e01000 r--s 00004000 00:25 16780331   /home/bjorn/.m2/repository/org/apache/ant/ant-launcher/1.8.3/ant-launcher-1.8.3.jar
67e01000-67e03000 r--s 00005000 00:25 16648820   /home/bjorn/.m2/repository/xpp3/xpp3_min/1.1.4c/xpp3_min-1.1.4c.jar
67e03000-67e04000 r--s 00001000 00:25 16648818   /home/bjorn/.m2/repository/xmlpull/xmlpull/1.1.3.1/xmlpull-1.1.3.1.jar
67e04000-67e0d000 r--s 000ae000 00:25 16648811   /home/bjorn/.m2/repository/org/javassist/javassist/3.19.0-GA/javassist-3.19.0-GA.jar
67e0d000-67e10000 r--s 00017000 00:25 16648810   /home/bjorn/.m2/repository/org/powermock/powermock-core/1.6.2/powermock-core-1.6.2.jar
67e10000-67e2e000 r--s 00110000 00:25 16648798   /home/bjorn/.m2/repository/org/mockito/mockito-all/1.10.19/mockito-all-1.10.19.jar
67e2e000-67e31000 ---p 00000000 00:00 0 
67e31000-67e7f000 rw-p 00000000 00:00 0          [stack:7787]
67e7f000-67e80000 ---p 00000000 00:00 0 
67e80000-67f00000 rw-p 00000000 00:00 0          [stack:7785]
67f00000-68000000 rw-p 00000000 00:00 0 
68000000-68001000 r--s 00000000 00:25 16648816   /home/bjorn/.m2/repository/org/powermock/powermock-classloading-xstream/1.6.2/powermock-classloading-xstream-1.6.2.jar
68001000-68002000 r--s 00001000 00:25 16648809   /home/bjorn/.m2/repository/org/powermock/powermock-classloading-base/1.6.2/powermock-classloading-base-1.6.2.jar
68002000-68003000 r--s 00001000 00:25 16648808   /home/bjorn/.m2/repository/org/powermock/powermock-module-junit4-rule/1.6.2/powermock-module-junit4-rule-1.6.2.jar
68003000-68004000 r--s 00003000 00:25 16648805   /home/bjorn/.m2/repository/org/powermock/powermock-module-junit4-common/1.6.2/powermock-module-junit4-common-1.6.2.jar
68004000-68006000 r--s 0000a000 00:25 16648804   /home/bjorn/.m2/repository/org/powermock/powermock-module-junit4/1.6.2/powermock-module-junit4-1.6.2.jar
68006000-68008000 r--s 00009000 00:25 16648803   /home/bjorn/.m2/repository/org/objenesis/objenesis/2.1/objenesis-2.1.jar
68008000-6800a000 r--s 0000a000 00:25 16648802   /home/bjorn/.m2/repository/org/powermock/powermock-reflect/1.6.2/powermock-reflect-1.6.2.jar
6800a000-6800b000 r--s 00004000 00:25 16648800   /home/bjorn/.m2/repository/org/powermock/powermock-api-support/1.6.2/powermock-api-support-1.6.2.jar
6800b000-6800f000 r--s 00014000 00:25 16648799   /home/bjorn/.m2/repository/org/powermock/powermock-api-mockito/1.6.2/powermock-api-mockito-1.6.2.jar
6800f000-68019000 r--s 0005d000 00:25 17175823   /home/bjorn/.m2/repository/org/uispec4j/uispec4j/2.4/uispec4j-2.4-jdk16.jar
68019000-6801d000 r--s 0002a000 00:25 17172526   /home/bjorn/.m2/repository/commons-io/commons-io/2.4/commons-io-2.4.jar
6801d000-68023000 r--s 00045000 00:25 16648797   /home/bjorn/.m2/repository/org/hamcrest/hamcrest-all/1.3/hamcrest-all-1.3.jar
68023000-68025000 r--s 00009000 00:25 16648796   /home/bjorn/.m2/repository/org/hamcrest/hamcrest-core/1.3/hamcrest-core-1.3.jar
68025000-6802d000 r--s 00045000 00:25 16532386   /home/bjorn/.m2/repository/junit/junit/4.12/junit-4.12.jar
6802d000-6802f000 r--s 00006000 00:25 16123156   /home/bjorn/.m2/repository/de/erichseifert/vectorgraphics2d/VectorGraphics2D/0.9.1/VectorGraphics2D-0.9.1.jar
6802f000-68032000 r--s 0001a000 00:25 17302109   /home/bjorn/.m2/repository/com/xeiam/xchart/xchart/2.5.0/xchart-2.5.0.jar
68032000-6807f000 rw-p 00000000 00:00 0 
6807f000-68080000 ---p 00000000 00:00 0 
68080000-68100000 rw-p 00000000 00:00 0          [stack:7784]
68100000-68121000 rw-p 00000000 00:00 0 
68121000-68200000 ---p 00000000 00:00 0 
68200000-6820a000 r--s 0006e000 00:25 16123065   /home/bjorn/.m2/repository/jfree/jcommon/1.0.16/jcommon-1.0.16.jar
6820a000-6821b000 r--s 0014c000 00:25 16123062   /home/bjorn/.m2/repository/jfree/jfreechart/1.0.13/jfreechart-1.0.13.jar
6821b000-6821d000 r--s 00005000 00:25 17172649   /home/bjorn/.m2/repository/org/abego/treelayout/org.abego.treelayout.core/1.0.1/org.abego.treelayout.core-1.0.1.jar
6821d000-68224000 r--s 00055000 00:25 17304748   /home/bjorn/.m2/repository/org/antlr/antlr4-runtime/4.5/antlr4-runtime-4.5.jar
68224000-6827f000 rw-p 00000000 00:00 0 
6827f000-68280000 ---p 00000000 00:00 0 
68280000-68300000 rw-p 00000000 00:00 0          [stack:7783]
68300000-68321000 rw-p 00000000 00:00 0 
68321000-68400000 ---p 00000000 00:00 0 
68400000-68421000 r--s 0015a000 00:25 17433679   /home/bjorn/.m2/repository/org/bouncycastle/bcprov-jdk14/1.38/bcprov-jdk14-1.38.jar
68421000-68425000 r--s 0002b000 00:25 17433676   /home/bjorn/.m2/repository/org/bouncycastle/bcmail-jdk14/1.38/bcmail-jdk14-1.38.jar
68425000-68434000 r--s 0017b000 00:25 17433673   /home/bjorn/.m2/repository/com/itextpdf/itextpdf/5.0.6/itextpdf-5.0.6.jar
68434000-6843e000 r--s 00116000 fc:01 10494014   /usr/lib/jvm/java-8-openjdk-i386/jre/lib/ext/localedata.jar
6843e000-6843f000 ---p 00000000 00:00 0 
6843f000-684f2000 rw-p 00000000 00:00 0          [stack:7782]
684f2000-6860c000 ---p 00000000 00:00 0 
6860c000-6863f000 rw-p 00000000 00:00 0 
6863f000-68758000 ---p 00000000 00:00 0 
68758000-6876c000 rw-p 00000000 00:00 0 
6876c000-687ff000 ---p 00000000 00:00 0 
687ff000-6edc0000 rw-p 00000000 00:00 0 
6edc0000-92180000 ---p 00000000 00:00 0 
92180000-94700000 rw-p 00000000 00:00 0 
94700000-a6e00000 ---p 00000000 00:00 0 
a6e00000-a6e01000 r--s 00005000 00:25 17433682   /home/bjorn/.m2/repository/org/bouncycastle/bctsp-jdk14/1.38/bctsp-jdk14-1.38.jar
a6e01000-a6e05000 r--s 00019000 00:25 16532560   /home/bjorn/.m2/repository/org/apache/maven/surefire/surefire-api/2.12.4/surefire-api-2.12.4.jar
a6e05000-a6e0b000 r--s 0003a000 fc:01 10494008   /usr/lib/jvm/java-8-openjdk-i386/jre/lib/ext/sunjce_provider.jar
a6e0b000-a6e24000 r--s 001c2000 fc:01 10494012   /usr/lib/jvm/java-8-openjdk-i386/jre/lib/ext/nashorn.jar
a6e24000-a6e40000 r--s 00393000 fc:01 10494016   /usr/lib/jvm/java-8-openjdk-i386/jre/lib/ext/cldrdata.jar
a6e40000-a6e4b000 rw-p 00000000 00:00 0 
a6e4b000-a7200000 ---p 00000000 00:00 0 
a7200000-a74a8000 rwxp 00000000 00:00 0 
a74a8000-b6200000 ---p 00000000 00:00 0 
b6200000-b62fb000 rw-p 00000000 00:00 0 
b62fb000-b6300000 ---p 00000000 00:00 0 
b6300000-b6302000 r--s 00007000 00:25 16532557   /home/bjorn/.m2/repository/org/apache/maven/surefire/surefire-booter/2.12.4/surefire-booter-2.12.4.jar
b6302000-b6341000 r--p 00277000 fc:01 9183875    /usr/lib/locale/locale-archive
b6341000-b6359000 rw-p 00000000 00:00 0 
b6359000-b6364000 r-xp 00000000 fc:01 6821773    /lib/i386-linux-gnu/libnss_files-2.19.so
b6364000-b6365000 r--p 0000a000 fc:01 6821773    /lib/i386-linux-gnu/libnss_files-2.19.so
b6365000-b6366000 rw-p 0000b000 fc:01 6821773    /lib/i386-linux-gnu/libnss_files-2.19.so
b6366000-b6370000 r-xp 00000000 fc:01 6821770    /lib/i386-linux-gnu/libnss_nis-2.19.so
b6370000-b6371000 r--p 00009000 fc:01 6821770    /lib/i386-linux-gnu/libnss_nis-2.19.so
b6371000-b6372000 rw-p 0000a000 fc:01 6821770    /lib/i386-linux-gnu/libnss_nis-2.19.so
b6372000-b6387000 r-xp 00000000 fc:01 6821777    /lib/i386-linux-gnu/libnsl-2.19.so
b6387000-b6388000 r--p 00015000 fc:01 6821777    /lib/i386-linux-gnu/libnsl-2.19.so
b6388000-b6389000 rw-p 00016000 fc:01 6821777    /lib/i386-linux-gnu/libnsl-2.19.so
b6389000-b638b000 rw-p 00000000 00:00 0 
b638b000-b6392000 r-xp 00000000 fc:01 6821785    /lib/i386-linux-gnu/libnss_compat-2.19.so
b6392000-b6393000 r--p 00006000 fc:01 6821785    /lib/i386-linux-gnu/libnss_compat-2.19.so
b6393000-b6394000 rw-p 00007000 fc:01 6821785    /lib/i386-linux-gnu/libnss_compat-2.19.so
b6394000-b6395000 r--s 00001000 00:25 17434398   /home/bjorn/Documents/Context/Health/health/target/surefire/surefirebooter5606709979488926122.jar
b6395000-b6396000 r--s 00008000 fc:01 10494015   /usr/lib/jvm/java-8-openjdk-i386/jre/lib/ext/sunec.jar
b6396000-b6399000 r--s 00037000 fc:01 10494010   /usr/lib/jvm/java-8-openjdk-i386/jre/lib/ext/sunpkcs11.jar
b6399000-b639a000 r--s 00010000 fc:01 10494011   /usr/lib/jvm/java-8-openjdk-i386/jre/lib/ext/zipfs.jar
b639a000-b639c000 r--s 00006000 fc:01 9441521    /usr/share/java/java-atk-wrapper.jar
b639c000-b63a4000 r-xp 00000000 fc:01 10386858   /usr/lib/jvm/java-8-openjdk-i386/jre/lib/i386/libzip.so
b63a4000-b63a5000 r--p 00007000 fc:01 10386858   /usr/lib/jvm/java-8-openjdk-i386/jre/lib/i386/libzip.so
b63a5000-b63a6000 rw-p 00008000 fc:01 10386858   /usr/lib/jvm/java-8-openjdk-i386/jre/lib/i386/libzip.so
b63a6000-b63ae000 rw-s 00000000 fc:01 15603106   /tmp/hsperfdata_bjorn/7780
b63ae000-b63d5000 r-xp 00000000 fc:01 10386857   /usr/lib/jvm/java-8-openjdk-i386/jre/lib/i386/libjava.so
b63d5000-b63d6000 r--p 00026000 fc:01 10386857   /usr/lib/jvm/java-8-openjdk-i386/jre/lib/i386/libjava.so
b63d6000-b63d7000 rw-p 00027000 fc:01 10386857   /usr/lib/jvm/java-8-openjdk-i386/jre/lib/i386/libjava.so
b63d7000-b63de000 r-xp 00000000 fc:01 6821772    /lib/i386-linux-gnu/librt-2.19.so
b63de000-b63df000 r--p 00006000 fc:01 6821772    /lib/i386-linux-gnu/librt-2.19.so
b63df000-b63e0000 rw-p 00007000 fc:01 6821772    /lib/i386-linux-gnu/librt-2.19.so
b63e0000-b63e3000 ---p 00000000 00:00 0 
b63e3000-b6431000 rw-p 00000000 00:00 0          [stack:7781]
b6431000-b644d000 r-xp 00000000 fc:01 6816875    /lib/i386-linux-gnu/libgcc_s.so.1
b644d000-b644e000 r--p 0001b000 fc:01 6816875    /lib/i386-linux-gnu/libgcc_s.so.1
b644e000-b644f000 rw-p 0001c000 fc:01 6816875    /lib/i386-linux-gnu/libgcc_s.so.1
b644f000-b6493000 r-xp 00000000 fc:01 6821778    /lib/i386-linux-gnu/libm-2.19.so
b6493000-b6494000 r--p 00043000 fc:01 6821778    /lib/i386-linux-gnu/libm-2.19.so
b6494000-b6495000 rw-p 00044000 fc:01 6821778    /lib/i386-linux-gnu/libm-2.19.so
b6495000-b657e000 r-xp 00000000 fc:01 9181635    /usr/lib/i386-linux-gnu/libstdc++.so.6.0.20
b657e000-b6582000 r--p 000e9000 fc:01 9181635    /usr/lib/i386-linux-gnu/libstdc++.so.6.0.20
b6582000-b6583000 rw-p 000ed000 fc:01 9181635    /usr/lib/i386-linux-gnu/libstdc++.so.6.0.20
b6583000-b658a000 rw-p 00000000 00:00 0 
b658a000-b707b000 r-xp 00000000 fc:01 10386874   /usr/lib/jvm/java-8-openjdk-i386/jre/lib/i386/server/libjvm.so
b707b000-b70c9000 r--p 00af0000 fc:01 10386874   /usr/lib/jvm/java-8-openjdk-i386/jre/lib/i386/server/libjvm.so
b70c9000-b70e0000 rw-p 00b3e000 fc:01 10386874   /usr/lib/jvm/java-8-openjdk-i386/jre/lib/i386/server/libjvm.so
b70e0000-b7501000 rw-p 00000000 00:00 0 
b7501000-b7519000 r-xp 00000000 fc:01 6821781    /lib/i386-linux-gnu/libpthread-2.19.so
b7519000-b751b000 r--p 00017000 fc:01 6821781    /lib/i386-linux-gnu/libpthread-2.19.so
b751b000-b751c000 rw-p 00019000 fc:01 6821781    /lib/i386-linux-gnu/libpthread-2.19.so
b751c000-b751e000 rw-p 00000000 00:00 0 
b751e000-b7521000 r-xp 00000000 fc:01 6821790    /lib/i386-linux-gnu/libdl-2.19.so
b7521000-b7522000 r--p 00002000 fc:01 6821790    /lib/i386-linux-gnu/libdl-2.19.so
b7522000-b7523000 rw-p 00003000 fc:01 6821790    /lib/i386-linux-gnu/libdl-2.19.so
b7523000-b753b000 r-xp 00000000 fc:01 6817019    /lib/i386-linux-gnu/libz.so.1.2.8
b753b000-b753c000 r--p 00017000 fc:01 6817019    /lib/i386-linux-gnu/libz.so.1.2.8
b753c000-b753d000 rw-p 00018000 fc:01 6817019    /lib/i386-linux-gnu/libz.so.1.2.8
b753d000-b76e4000 r-xp 00000000 fc:01 6821784    /lib/i386-linux-gnu/libc-2.19.so
b76e4000-b76e6000 r--p 001a7000 fc:01 6821784    /lib/i386-linux-gnu/libc-2.19.so
b76e6000-b76e7000 rw-p 001a9000 fc:01 6821784    /lib/i386-linux-gnu/libc-2.19.so
b76e7000-b76eb000 rw-p 00000000 00:00 0 
b76eb000-b76ed000 r--s 00001000 fc:01 10494013   /usr/lib/jvm/java-8-openjdk-i386/jre/lib/ext/dnsns.jar
b76ed000-b76f0000 r--s 0000f000 fc:01 10494009   /usr/lib/jvm/java-8-openjdk-i386/jre/lib/ext/icedtea-sound.jar
b76f0000-b76f1000 r--p 0059a000 fc:01 9183875    /usr/lib/locale/locale-archive
b76f1000-b76f2000 r--p 009ce000 fc:01 9183875    /usr/lib/locale/locale-archive
b76f2000-b76f3000 rw-p 00000000 00:00 0 
b76f3000-b76f4000 r--p 00000000 00:00 0 
b76f4000-b7702000 r-xp 00000000 fc:01 10386885   /usr/lib/jvm/java-8-openjdk-i386/jre/lib/i386/libverify.so
b7702000-b7704000 r--p 0000d000 fc:01 10386885   /usr/lib/jvm/java-8-openjdk-i386/jre/lib/i386/libverify.so
b7704000-b7705000 rw-p 0000f000 fc:01 10386885   /usr/lib/jvm/java-8-openjdk-i386/jre/lib/i386/libverify.so
b7705000-b7712000 r-xp 00000000 fc:01 10386889   /usr/lib/jvm/java-8-openjdk-i386/jre/lib/i386/jli/libjli.so
b7712000-b7713000 r--p 0000c000 fc:01 10386889   /usr/lib/jvm/java-8-openjdk-i386/jre/lib/i386/jli/libjli.so
b7713000-b7714000 rw-p 0000d000 fc:01 10386889   /usr/lib/jvm/java-8-openjdk-i386/jre/lib/i386/jli/libjli.so
b7714000-b7716000 rw-p 00000000 00:00 0 
b7716000-b7717000 r-xp 00000000 00:00 0          [vdso]
b7717000-b7719000 r--p 00000000 00:00 0          [vvar]
b7719000-b7739000 r-xp 00000000 fc:01 6821776    /lib/i386-linux-gnu/ld-2.19.so
b7739000-b773a000 r--p 0001f000 fc:01 6821776    /lib/i386-linux-gnu/ld-2.19.so
b773a000-b773b000 rw-p 00020000 fc:01 6821776    /lib/i386-linux-gnu/ld-2.19.so
bfbef000-bfbf0000 rwxp 00000000 00:00 0 
bfc22000-bfc43000 rw-p 00000000 00:00 0          [stack]

VM Arguments:
java_command: /home/bjorn/Documents/Context/Health/health/target/surefire/surefirebooter5606709979488926122.jar /home/bjorn/Documents/Context/Health/health/target/surefire/surefire6692403678081558197tmp /home/bjorn/Documents/Context/Health/health/target/surefire/surefire_05869728765757167670tmp
java_class_path (initial): /home/bjorn/Documents/Context/Health/health/target/surefire/surefirebooter5606709979488926122.jar
Launcher Type: SUN_STANDARD

Environment Variables:
PATH=/usr/local/sbin:/usr/local/bin:/usr/sbin:/usr/bin:/sbin:/bin:/usr/games:/usr/local/games
LD_LIBRARY_PATH=/usr/lib/jvm/java-8-openjdk-i386/jre/lib/i386/server:/usr/lib/jvm/java-8-openjdk-i386/jre/lib/i386:
SHELL=/bin/bash
DISPLAY=:0.0

Signal Handlers:
SIGSEGV: [libjvm.so+0x8e5c10], sa_mask[0]=11111111011111111101111111111110, sa_flags=SA_RESTART|SA_SIGINFO
SIGBUS: [libjvm.so+0x8e5c10], sa_mask[0]=11111111011111111101111111111110, sa_flags=SA_RESTART|SA_SIGINFO
SIGFPE: [libjvm.so+0x74d8d0], sa_mask[0]=11111111011111111101111111111110, sa_flags=SA_RESTART|SA_SIGINFO
SIGPIPE: [libjvm.so+0x74d8d0], sa_mask[0]=11111111011111111101111111111110, sa_flags=SA_RESTART|SA_SIGINFO
SIGXFSZ: [libjvm.so+0x74d8d0], sa_mask[0]=11111111011111111101111111111110, sa_flags=SA_RESTART|SA_SIGINFO
SIGILL: [libjvm.so+0x74d8d0], sa_mask[0]=11111111011111111101111111111110, sa_flags=SA_RESTART|SA_SIGINFO
SIGUSR1: SIG_DFL